TN:
SF:src/App.tsx
FN:12,(anonymous_0)
FN:17,(anonymous_1)
FN:21,(anonymous_2)
FN:27,(anonymous_3)
FN:35,(anonymous_4)
FN:50,(anonymous_5)
FNF:6
FNH:0
FNDA:0,(anonymous_0)
FNDA:0,(anonymous_1)
FNDA:0,(anonymous_2)
FNDA:0,(anonymous_3)
FNDA:0,(anonymous_4)
FNDA:0,(anonymous_5)
DA:13,0
DA:14,0
DA:18,0
DA:24,0
DA:28,0
DA:29,0
DA:35,0
DA:45,0
DA:50,0
DA:51,0
LF:10
LH:0
BRDA:28,0,0,0
BRDA:28,0,1,0
BRF:2
BRH:0
end_of_record
TN:
SF:src/index.tsx
FN:8,(anonymous_0)
FN:11,(anonymous_1)
FN:15,(anonymous_2)
FN:18,(anonymous_3)
FN:27,(anonymous_4)
FN:32,(anonymous_5)
FN:35,(anonymous_6)
FNF:7
FNH:0
FNDA:0,(anonymous_0)
FNDA:0,(anonymous_1)
FNDA:0,(anonymous_2)
FNDA:0,(anonymous_3)
FNDA:0,(anonymous_4)
FNDA:0,(anonymous_5)
FNDA:0,(anonymous_6)
DA:7,0
DA:8,0
DA:10,0
DA:12,0
DA:15,0
DA:16,0
DA:17,0
DA:18,0
DA:19,0
DA:20,0
DA:21,0
DA:28,0
DA:31,0
DA:33,0
DA:36,0
DA:42,0
DA:45,0
LF:17
LH:0
BRDA:7,0,0,0
BRDA:7,0,1,0
BRDA:17,1,0,0
BRDA:17,1,1,0
BRDA:19,2,0,0
BRDA:19,2,1,0
BRDA:19,3,0,0
BRDA:19,3,1,0
BRF:8
BRH:0
end_of_record
TN:
SF:src/api/health.ts
FN:53,checkDatabaseHealth
FN:88,checkSyncHealth
FN:124,getMemoryUsage
FN:145,getHealthStatus
FN:210,getSimpleHealthCheck
FN:230,createHealthEndpoint
FN:231,(anonymous_6)
FN:254,createSimpleHealthEndpoint
FN:255,(anonymous_8)
FNF:9
FNH:0
FNDA:0,checkDatabaseHealth
FNDA:0,checkSyncHealth
FNDA:0,getMemoryUsage
FNDA:0,getHealthStatus
FNDA:0,getSimpleHealthCheck
FNDA:0,createHealthEndpoint
FNDA:0,(anonymous_6)
FNDA:0,createSimpleHealthEndpoint
FNDA:0,(anonymous_8)
DA:48,0
DA:58,0
DA:60,0
DA:62,0
DA:63,0
DA:65,0
DA:67,0
DA:72,0
DA:73,0
DA:75,0
DA:77,0
DA:93,0
DA:95,0
DA:97,0
DA:98,0
DA:99,0
DA:104,0
DA:110,0
DA:112,0
DA:114,0
DA:129,0
DA:130,0
DA:131,0
DA:132,0
DA:133,0
DA:135,0
DA:139,0
DA:146,0
DA:147,0
DA:148,0
DA:150,0
DA:152,0
DA:157,0
DA:160,0
DA:162,0
DA:163,0
DA:164,0
DA:165,0
DA:168,0
DA:181,0
DA:187,0
DA:190,0
DA:192,0
DA:211,0
DA:212,0
DA:214,0
DA:215,0
DA:216,0
DA:217,0
DA:219,0
DA:222,0
DA:223,0
DA:231,0
DA:232,0
DA:233,0
DA:236,0
DA:239,0
DA:241,0
DA:242,0
DA:255,0
DA:256,0
DA:257,0
DA:258,0
DA:260,0
DA:261,0
LF:65
LH:0
BRDA:73,0,0,0
BRDA:73,0,1,0
BRDA:97,1,0,0
BRDA:97,1,1,0
BRDA:101,2,0,0
BRDA:101,2,1,0
BRDA:110,3,0,0
BRDA:110,3,1,0
BRDA:129,4,0,0
BRDA:129,4,1,0
BRDA:129,5,0,0
BRDA:129,5,1,0
BRDA:148,6,0,0
BRDA:148,6,1,0
BRDA:162,7,0,0
BRDA:162,7,1,0
BRDA:162,8,0,0
BRDA:162,8,1,0
BRDA:164,9,0,0
BRDA:164,9,1,0
BRDA:164,10,0,0
BRDA:164,10,1,0
BRDA:214,11,0,0
BRDA:214,11,1,0
BRDA:216,12,0,0
BRDA:216,12,1,0
BRDA:236,13,0,0
BRDA:236,13,1,0
BRDA:237,14,0,0
BRDA:237,14,1,0
BRF:30
BRH:0
end_of_record
TN:
SF:src/api/mcpBridgeServer.ts
FN:39,(anonymous_0)
FN:53,(anonymous_1)
FN:91,(anonymous_2)
FN:124,(anonymous_3)
FN:138,(anonymous_4)
FN:146,(anonymous_5)
FN:147,(anonymous_6)
FN:168,(anonymous_7)
FN:182,(anonymous_8)
FN:201,(anonymous_9)
FN:211,(anonymous_10)
FN:222,(anonymous_11)
FNF:12
FNH:0
FNDA:0,(anonymous_0)
FNDA:0,(anonymous_1)
FNDA:0,(anonymous_2)
FNDA:0,(anonymous_3)
FNDA:0,(anonymous_4)
FNDA:0,(anonymous_5)
FNDA:0,(anonymous_6)
FNDA:0,(anonymous_7)
FNDA:0,(anonymous_8)
FNDA:0,(anonymous_9)
FNDA:0,(anonymous_10)
FNDA:0,(anonymous_11)
DA:30,0
DA:31,0
DA:34,0
DA:35,0
DA:36,0
DA:39,0
DA:40,0
DA:45,0
DA:49,0
DA:50,0
DA:53,0
DA:54,0
DA:55,0
DA:57,0
DA:58,0
DA:64,0
DA:71,0
DA:79,0
DA:82,0
DA:83,0
DA:91,0
DA:92,0
DA:93,0
DA:95,0
DA:96,0
DA:102,0
DA:104,0
DA:105,0
DA:106,0
DA:107,0
DA:108,0
DA:110,0
DA:120,0
DA:124,0
DA:129,0
DA:130,0
DA:138,0
DA:139,0
DA:140,0
DA:142,0
DA:144,0
DA:146,0
DA:147,0
DA:149,0
DA:159,0
DA:160,0
DA:168,0
DA:169,0
DA:170,0
DA:171,0
DA:173,0
DA:174,0
DA:182,0
DA:183,0
DA:201,0
DA:202,0
DA:203,0
DA:211,0
DA:212,0
DA:221,0
DA:222,0
DA:223,0
DA:224,0
DA:225,0
LF:64
LH:0
BRDA:31,0,0,0
BRDA:31,0,1,0
BRDA:57,1,0,0
BRDA:57,1,1,0
BRDA:57,2,0,0
BRDA:57,2,1,0
BRDA:76,3,0,0
BRDA:76,3,1,0
BRDA:85,4,0,0
BRDA:85,4,1,0
BRDA:95,5,0,0
BRDA:95,5,1,0
BRDA:95,6,0,0
BRDA:95,6,1,0
BRDA:114,7,0,0
BRDA:114,7,1,0
BRDA:132,8,0,0
BRDA:132,8,1,0
BRDA:162,9,0,0
BRDA:162,9,1,0
BRDA:176,10,0,0
BRDA:176,10,1,0
BRDA:221,11,0,0
BRDA:221,11,1,0
BRF:24
BRH:0
end_of_record
TN:
SF:src/api/met24Api.ts
FN:118,(anonymous_0)
FN:123,(anonymous_1)
FN:129,(anonymous_2)
FN:188,(anonymous_3)
FN:192,(anonymous_4)
FN:196,(anonymous_5)
FN:200,(anonymous_6)
FN:206,(anonymous_7)
FN:210,(anonymous_8)
FN:214,(anonymous_9)
FN:220,(anonymous_10)
FN:224,(anonymous_11)
FN:228,(anonymous_12)
FN:234,(anonymous_13)
FN:238,(anonymous_14)
FN:242,(anonymous_15)
FN:256,(anonymous_16)
FN:271,(anonymous_17)
FN:283,(anonymous_18)
FN:297,(anonymous_19)
FN:317,(anonymous_20)
FN:323,(anonymous_21)
FN:327,(anonymous_22)
FN:333,(anonymous_23)
FN:345,(anonymous_24)
FN:349,(anonymous_25)
FN:353,(anonymous_26)
FNF:27
FNH:0
FNDA:0,(anonymous_0)
FNDA:0,(anonymous_1)
FNDA:0,(anonymous_2)
FNDA:0,(anonymous_3)
FNDA:0,(anonymous_4)
FNDA:0,(anonymous_5)
FNDA:0,(anonymous_6)
FNDA:0,(anonymous_7)
FNDA:0,(anonymous_8)
FNDA:0,(anonymous_9)
FNDA:0,(anonymous_10)
FNDA:0,(anonymous_11)
FNDA:0,(anonymous_12)
FNDA:0,(anonymous_13)
FNDA:0,(anonymous_14)
FNDA:0,(anonymous_15)
FNDA:0,(anonymous_16)
FNDA:0,(anonymous_17)
FNDA:0,(anonymous_18)
FNDA:0,(anonymous_19)
FNDA:0,(anonymous_20)
FNDA:0,(anonymous_21)
FNDA:0,(anonymous_22)
FNDA:0,(anonymous_23)
FNDA:0,(anonymous_24)
FNDA:0,(anonymous_25)
FNDA:0,(anonymous_26)
DA:116,0
DA:119,0
DA:120,0
DA:127,0
DA:128,0
DA:129,0
DA:131,0
DA:132,0
DA:142,0
DA:144,0
DA:145,0
DA:148,0
DA:149,0
DA:155,0
DA:157,0
DA:158,0
DA:159,0
DA:160,0
DA:167,0
DA:171,0
DA:178,0
DA:189,0
DA:193,0
DA:197,0
DA:201,0
DA:207,0
DA:211,0
DA:215,0
DA:221,0
DA:225,0
DA:229,0
DA:235,0
DA:239,0
DA:247,0
DA:260,0
DA:274,0
DA:286,0
DA:303,0
DA:318,0
DA:324,0
DA:328,0
DA:334,0
DA:335,0
DA:336,0
DA:338,0
DA:341,0
DA:346,0
DA:350,0
DA:354,0
DA:359,0
LF:50
LH:0
BRDA:119,0,0,0
BRDA:119,0,1,0
BRDA:120,1,0,0
BRDA:120,1,1,0
BRDA:125,2,0,0
BRDA:144,3,0,0
BRDA:144,3,1,0
BRDA:157,4,0,0
BRDA:157,4,1,0
BRDA:158,5,0,0
BRDA:158,5,1,0
BRDA:339,6,0,0
BRDA:339,6,1,0
BRF:13
BRH:0
end_of_record
TN:
SF:src/api/ai/generate-content.ts
FN:14,generateAIContent
FN:37,getGenerationProgress
FNF:2
FNH:0
FNDA:0,generateAIContent
FNDA:0,getGenerationProgress
DA:15,0
DA:16,0
DA:19,0
DA:21,0
DA:28,0
DA:29,0
DA:38,0
DA:39,0
DA:40,0
DA:42,0
DA:50,0
DA:51,0
LF:12
LH:0
BRDA:31,0,0,0
BRDA:31,0,1,0
BRDA:53,1,0,0
BRDA:53,1,1,0
BRF:4
BRH:0
end_of_record
TN:
SF:src/api/ai/orchestrate.ts
FNF:0
FNH:0
LF:0
LH:0
BRF:0
BRH:0
end_of_record
TN:
SF:src/components/AICoachingWithContext.tsx
FN:20,(anonymous_0)
FN:42,(anonymous_1)
FN:47,(anonymous_2)
FN:79,(anonymous_3)
FN:110,(anonymous_4)
FN:121,(anonymous_5)
FN:135,(anonymous_6)
FN:143,(anonymous_7)
FN:164,(anonymous_8)
FN:207,(anonymous_9)
FN:221,(anonymous_10)
FN:260,(anonymous_11)
FN:265,(anonymous_12)
FN:289,(anonymous_13)
FN:297,(anonymous_14)
FN:305,(anonymous_15)
FNF:16
FNH:0
FNDA:0,(anonymous_0)
FNDA:0,(anonymous_1)
FNDA:0,(anonymous_2)
FNDA:0,(anonymous_3)
FNDA:0,(anonymous_4)
FNDA:0,(anonymous_5)
FNDA:0,(anonymous_6)
FNDA:0,(anonymous_7)
FNDA:0,(anonymous_8)
FNDA:0,(anonymous_9)
FNDA:0,(anonymous_10)
FNDA:0,(anonymous_11)
FNDA:0,(anonymous_12)
FNDA:0,(anonymous_13)
FNDA:0,(anonymous_14)
FNDA:0,(anonymous_15)
DA:20,0
DA:24,0
DA:25,0
DA:32,0
DA:33,0
DA:34,0
DA:42,0
DA:43,0
DA:44,0
DA:47,0
DA:48,0
DA:50,0
DA:73,0
DA:75,0
DA:79,0
DA:80,0
DA:82,0
DA:104,0
DA:106,0
DA:110,0
DA:111,0
DA:113,0
DA:114,0
DA:121,0
DA:122,0
DA:124,0
DA:126,0
DA:127,0
DA:135,0
DA:137,0
DA:139,0
DA:143,0
DA:144,0
DA:146,0
DA:147,0
DA:148,0
DA:150,0
DA:153,0
DA:160,0
DA:164,0
DA:165,0
DA:171,0
DA:174,0
DA:176,0
DA:208,0
DA:222,0
DA:260,0
DA:266,0
DA:267,0
DA:268,0
DA:289,0
DA:297,0
DA:305,0
LF:53
LH:0
BRDA:111,0,0,0
BRDA:111,0,1,0
BRDA:171,1,0,0
BRDA:171,1,1,0
BRDA:224,2,0,0
BRDA:224,2,1,0
BRDA:228,3,0,0
BRDA:228,3,1,0
BRDA:234,4,0,0
BRDA:234,4,1,0
BRDA:243,5,0,0
BRDA:243,5,1,0
BRDA:266,6,0,0
BRDA:266,6,1,0
BRDA:266,7,0,0
BRDA:266,7,1,0
BRDA:276,8,0,0
BRDA:276,8,1,0
BRF:18
BRH:0
end_of_record
TN:
SF:src/components/ActiveImaginationPage.tsx
FN:22,(anonymous_0)
FN:30,(anonymous_1)
FN:37,(anonymous_2)
FN:41,(anonymous_3)
FN:73,(anonymous_4)
FN:78,(anonymous_5)
FN:83,(anonymous_6)
FN:115,(anonymous_7)
FN:162,(anonymous_8)
FN:165,(anonymous_9)
FN:209,(anonymous_10)
FN:213,(anonymous_11)
FN:271,(anonymous_12)
FN:275,(anonymous_13)
FN:319,(anonymous_14)
FN:322,(anonymous_15)
FNF:16
FNH:0
FNDA:0,(anonymous_0)
FNDA:0,(anonymous_1)
FNDA:0,(anonymous_2)
FNDA:0,(anonymous_3)
FNDA:0,(anonymous_4)
FNDA:0,(anonymous_5)
FNDA:0,(anonymous_6)
FNDA:0,(anonymous_7)
FNDA:0,(anonymous_8)
FNDA:0,(anonymous_9)
FNDA:0,(anonymous_10)
FNDA:0,(anonymous_11)
FNDA:0,(anonymous_12)
FNDA:0,(anonymous_13)
FNDA:0,(anonymous_14)
FNDA:0,(anonymous_15)
DA:22,0
DA:23,0
DA:24,0
DA:25,0
DA:26,0
DA:27,0
DA:28,0
DA:30,0
DA:31,0
DA:32,0
DA:34,0
DA:37,0
DA:38,0
DA:39,0
DA:41,0
DA:44,0
DA:65,0
DA:67,0
DA:69,0
DA:73,0
DA:74,0
DA:75,0
DA:78,0
DA:79,0
DA:80,0
DA:83,0
DA:84,0
DA:102,0
DA:105,0
DA:107,0
DA:108,0
DA:115,0
DA:141,0
DA:163,0
DA:165,0
DA:210,0
DA:213,0
DA:272,0
DA:275,0
DA:319,0
DA:322,0
LF:41
LH:0
BRDA:31,0,0,0
BRDA:31,0,1,0
BRDA:102,1,0,0
BRDA:102,1,1,0
BRDA:107,2,0,0
BRDA:107,2,1,0
BRDA:132,3,0,0
BRDA:132,3,1,0
BRDA:167,4,0,0
BRDA:167,4,1,0
BRDA:182,5,0,0
BRDA:182,5,1,0
BRDA:202,6,0,0
BRDA:202,6,1,0
BRDA:207,7,0,0
BRDA:207,7,1,0
BRDA:260,8,0,0
BRDA:260,8,1,0
BRDA:264,9,0,0
BRDA:264,9,1,0
BRDA:269,10,0,0
BRDA:269,10,1,0
BRDA:300,11,0,0
BRDA:300,11,1,0
BRDA:371,12,0,0
BRDA:371,12,1,0
BRF:26
BRH:0
end_of_record
TN:
SF:src/components/AppRoutes.tsx
FN:7,(anonymous_0)
FN:8,(anonymous_1)
FN:9,(anonymous_2)
FN:10,(anonymous_3)
FN:11,(anonymous_4)
FN:12,(anonymous_5)
FN:13,(anonymous_6)
FN:14,(anonymous_7)
FN:15,(anonymous_8)
FN:16,(anonymous_9)
FN:17,(anonymous_10)
FN:18,(anonymous_11)
FN:19,(anonymous_12)
FN:20,(anonymous_13)
FN:21,(anonymous_14)
FN:22,(anonymous_15)
FN:23,(anonymous_16)
FN:24,(anonymous_17)
FN:25,(anonymous_18)
FN:26,(anonymous_19)
FN:27,(anonymous_20)
FN:28,(anonymous_21)
FN:29,(anonymous_22)
FN:30,(anonymous_23)
FN:31,(anonymous_24)
FN:32,(anonymous_25)
FN:33,(anonymous_26)
FN:34,(anonymous_27)
FN:35,(anonymous_28)
FN:36,(anonymous_29)
FN:37,(anonymous_30)
FN:38,(anonymous_31)
FN:41,(anonymous_32)
FN:70,(anonymous_33)
FN:76,(anonymous_34)
FN:92,(anonymous_35)
FN:194,(anonymous_36)
FN:200,(anonymous_37)
FN:209,(anonymous_38)
FN:215,(anonymous_39)
FNF:40
FNH:0
FNDA:0,(anonymous_0)
FNDA:0,(anonymous_1)
FNDA:0,(anonymous_2)
FNDA:0,(anonymous_3)
FNDA:0,(anonymous_4)
FNDA:0,(anonymous_5)
FNDA:0,(anonymous_6)
FNDA:0,(anonymous_7)
FNDA:0,(anonymous_8)
FNDA:0,(anonymous_9)
FNDA:0,(anonymous_10)
FNDA:0,(anonymous_11)
FNDA:0,(anonymous_12)
FNDA:0,(anonymous_13)
FNDA:0,(anonymous_14)
FNDA:0,(anonymous_15)
FNDA:0,(anonymous_16)
FNDA:0,(anonymous_17)
FNDA:0,(anonymous_18)
FNDA:0,(anonymous_19)
FNDA:0,(anonymous_20)
FNDA:0,(anonymous_21)
FNDA:0,(anonymous_22)
FNDA:0,(anonymous_23)
FNDA:0,(anonymous_24)
FNDA:0,(anonymous_25)
FNDA:0,(anonymous_26)
FNDA:0,(anonymous_27)
FNDA:0,(anonymous_28)
FNDA:0,(anonymous_29)
FNDA:0,(anonymous_30)
FNDA:0,(anonymous_31)
FNDA:0,(anonymous_32)
FNDA:0,(anonymous_33)
FNDA:0,(anonymous_34)
FNDA:0,(anonymous_35)
FNDA:0,(anonymous_36)
FNDA:0,(anonymous_37)
FNDA:0,(anonymous_38)
FNDA:0,(anonymous_39)
DA:7,0
DA:8,0
DA:9,0
DA:10,0
DA:11,0
DA:12,0
DA:13,0
DA:14,0
DA:15,0
DA:16,0
DA:17,0
DA:18,0
DA:19,0
DA:20,0
DA:21,0
DA:22,0
DA:23,0
DA:24,0
DA:25,0
DA:26,0
DA:27,0
DA:28,0
DA:29,0
DA:30,0
DA:31,0
DA:32,0
DA:33,0
DA:34,0
DA:35,0
DA:36,0
DA:37,0
DA:38,0
DA:41,0
DA:42,0
DA:70,0
DA:71,0
DA:73,0
DA:74,0
DA:76,0
DA:78,0
DA:79,0
DA:82,0
DA:83,0
DA:84,0
DA:85,0
DA:87,0
DA:92,0
DA:93,0
DA:94,0
DA:95,0
DA:96,0
DA:97,0
DA:119,0
DA:195,0
DA:197,0
DA:198,0
DA:200,0
DA:210,0
DA:212,0
DA:213,0
DA:215,0
LF:61
LH:0
BRDA:83,0,0,0
BRDA:83,0,1,0
BRDA:95,1,0,0
BRDA:95,1,1,0
BRDA:96,2,0,0
BRDA:96,2,1,0
BRDA:123,3,0,0
BRDA:123,3,1,0
BRDA:143,4,0,0
BRDA:143,4,1,0
BRDA:144,5,0,0
BRDA:144,5,1,0
BRDA:165,6,0,0
BRDA:165,6,1,0
BRF:14
BRH:0
end_of_record
TN:
SF:src/components/ChallengesPage.tsx
FN:109,(anonymous_0)
FN:390,(anonymous_1)
FN:404,(anonymous_2)
FN:440,(anonymous_3)
FN:456,(anonymous_4)
FN:457,(anonymous_5)
FN:458,(anonymous_6)
FN:469,(anonymous_7)
FN:470,(anonymous_8)
FN:471,(anonymous_9)
FN:480,(anonymous_10)
FN:484,(anonymous_11)
FN:488,(anonymous_12)
FN:500,(anonymous_13)
FN:510,(anonymous_14)
FN:523,(anonymous_15)
FN:536,(anonymous_16)
FN:573,(anonymous_17)
FN:580,(anonymous_18)
FN:597,(anonymous_19)
FN:601,(anonymous_20)
FN:607,(anonymous_21)
FN:618,(anonymous_22)
FN:647,(anonymous_23)
FN:738,(anonymous_24)
FN:751,(anonymous_25)
FN:761,(anonymous_26)
FN:770,(anonymous_27)
FN:811,(anonymous_28)
FN:818,(anonymous_29)
FN:909,(anonymous_30)
FN:922,(anonymous_31)
FN:931,(anonymous_32)
FN:984,(anonymous_33)
FN:985,(anonymous_34)
FN:994,(anonymous_35)
FN:995,(anonymous_36)
FN:1007,(anonymous_37)
FN:1008,(anonymous_38)
FN:1015,(anonymous_39)
FN:1026,(anonymous_40)
FN:1027,(anonymous_41)
FN:1050,(anonymous_42)
FNF:43
FNH:0
FNDA:0,(anonymous_0)
FNDA:0,(anonymous_1)
FNDA:0,(anonymous_2)
FNDA:0,(anonymous_3)
FNDA:0,(anonymous_4)
FNDA:0,(anonymous_5)
FNDA:0,(anonymous_6)
FNDA:0,(anonymous_7)
FNDA:0,(anonymous_8)
FNDA:0,(anonymous_9)
FNDA:0,(anonymous_10)
FNDA:0,(anonymous_11)
FNDA:0,(anonymous_12)
FNDA:0,(anonymous_13)
FNDA:0,(anonymous_14)
FNDA:0,(anonymous_15)
FNDA:0,(anonymous_16)
FNDA:0,(anonymous_17)
FNDA:0,(anonymous_18)
FNDA:0,(anonymous_19)
FNDA:0,(anonymous_20)
FNDA:0,(anonymous_21)
FNDA:0,(anonymous_22)
FNDA:0,(anonymous_23)
FNDA:0,(anonymous_24)
FNDA:0,(anonymous_25)
FNDA:0,(anonymous_26)
FNDA:0,(anonymous_27)
FNDA:0,(anonymous_28)
FNDA:0,(anonymous_29)
FNDA:0,(anonymous_30)
FNDA:0,(anonymous_31)
FNDA:0,(anonymous_32)
FNDA:0,(anonymous_33)
FNDA:0,(anonymous_34)
FNDA:0,(anonymous_35)
FNDA:0,(anonymous_36)
FNDA:0,(anonymous_37)
FNDA:0,(anonymous_38)
FNDA:0,(anonymous_39)
FNDA:0,(anonymous_40)
FNDA:0,(anonymous_41)
FNDA:0,(anonymous_42)
DA:109,0
DA:110,0
DA:111,0
DA:112,0
DA:115,0
DA:116,0
DA:117,0
DA:118,0
DA:119,0
DA:120,0
DA:121,0
DA:122,0
DA:130,0
DA:142,0
DA:145,0
DA:203,0
DA:390,0
DA:392,0
DA:395,0
DA:396,0
DA:398,0
DA:399,0
DA:404,0
DA:405,0
DA:410,0
DA:440,0
DA:441,0
DA:442,0
DA:456,0
DA:457,0
DA:458,0
DA:459,0
DA:469,0
DA:470,0
DA:471,0
DA:472,0
DA:480,0
DA:481,0
DA:484,0
DA:485,0
DA:488,0
DA:489,0
DA:490,0
DA:491,0
DA:492,0
DA:493,0
DA:494,0
DA:495,0
DA:496,0
DA:500,0
DA:502,0
DA:504,0
DA:507,0
DA:510,0
DA:511,0
DA:513,0
DA:515,0
DA:517,0
DA:519,0
DA:523,0
DA:524,0
DA:526,0
DA:528,0
DA:530,0
DA:532,0
DA:536,0
DA:537,0
DA:539,0
DA:541,0
DA:543,0
DA:545,0
DA:549,0
DA:573,0
DA:580,0
DA:597,0
DA:602,0
DA:607,0
DA:618,0
DA:648,0
DA:738,0
DA:751,0
DA:761,0
DA:771,0
DA:811,0
DA:819,0
DA:909,0
DA:922,0
DA:932,0
DA:985,0
DA:995,0
DA:1008,0
DA:1016,0
DA:1027,0
DA:1050,0
LF:94
LH:0
BRDA:142,0,0,0
BRDA:142,0,1,0
BRDA:395,1,0,0
BRDA:395,1,1,0
BRDA:398,2,0,0
BRDA:398,2,1,0
BRDA:405,3,0,0
BRDA:405,3,1,0
BRDA:406,4,0,0
BRDA:406,4,1,0
BRDA:406,4,2,0
BRDA:424,5,0,0
BRDA:424,5,1,0
BRDA:425,6,0,0
BRDA:425,6,1,0
BRDA:426,7,0,0
BRDA:426,7,1,0
BRDA:433,8,0,0
BRDA:433,8,1,0
BRDA:459,9,0,0
BRDA:459,9,1,0
BRDA:460,10,0,0
BRDA:460,10,1,0
BRDA:472,11,0,0
BRDA:472,11,1,0
BRDA:489,12,0,0
BRDA:489,12,1,0
BRDA:489,13,0,0
BRDA:489,13,1,0
BRDA:491,14,0,0
BRDA:491,14,1,0
BRDA:491,15,0,0
BRDA:491,15,1,0
BRDA:493,16,0,0
BRDA:493,16,1,0
BRDA:495,17,0,0
BRDA:495,17,1,0
BRDA:502,18,0,0
BRDA:502,18,1,0
BRDA:504,19,0,0
BRDA:504,19,1,0
BRDA:507,20,0,0
BRDA:507,20,1,0
BRDA:511,21,0,0
BRDA:511,21,1,0
BRDA:511,21,2,0
BRDA:511,21,3,0
BRDA:524,22,0,0
BRDA:524,22,1,0
BRDA:524,22,2,0
BRDA:524,22,3,0
BRDA:537,23,0,0
BRDA:537,23,1,0
BRDA:537,23,2,0
BRDA:537,23,3,0
BRDA:594,24,0,0
BRDA:594,24,1,0
BRDA:595,25,0,0
BRDA:595,25,1,0
BRDA:604,26,0,0
BRDA:604,26,1,0
BRDA:605,27,0,0
BRDA:605,27,1,0
BRDA:633,28,0,0
BRDA:633,28,1,0
BRDA:673,29,0,0
BRDA:673,29,1,0
BRDA:675,30,0,0
BRDA:675,30,1,0
BRDA:685,31,0,0
BRDA:685,31,1,0
BRDA:687,32,0,0
BRDA:687,32,1,0
BRDA:732,33,0,0
BRDA:732,33,1,0
BRDA:745,34,0,0
BRDA:745,34,1,0
BRDA:798,35,0,0
BRDA:798,35,1,0
BRDA:844,36,0,0
BRDA:844,36,1,0
BRDA:846,37,0,0
BRDA:846,37,1,0
BRDA:856,38,0,0
BRDA:856,38,1,0
BRDA:858,39,0,0
BRDA:858,39,1,0
BRDA:903,40,0,0
BRDA:903,40,1,0
BRDA:916,41,0,0
BRDA:916,41,1,0
BRF:91
BRH:0
end_of_record
TN:
SF:src/components/ChatPage.tsx
FN:47,(anonymous_0)
FN:54,(anonymous_1)
FN:58,(anonymous_2)
FN:61,(anonymous_3)
FN:93,(anonymous_4)
FN:150,(anonymous_5)
FN:182,(anonymous_6)
FN:186,(anonymous_7)
FN:196,(anonymous_8)
FN:200,(anonymous_9)
FN:206,(anonymous_10)
FN:242,(anonymous_11)
FN:251,(anonymous_12)
FN:285,(anonymous_13)
FN:295,(anonymous_14)
FN:319,(anonymous_15)
FN:328,(anonymous_16)
FN:331,(anonymous_17)
FN:334,(anonymous_18)
FN:386,(anonymous_19)
FN:437,(anonymous_20)
FN:479,(anonymous_21)
FNF:22
FNH:0
FNDA:0,(anonymous_0)
FNDA:0,(anonymous_1)
FNDA:0,(anonymous_2)
FNDA:0,(anonymous_3)
FNDA:0,(anonymous_4)
FNDA:0,(anonymous_5)
FNDA:0,(anonymous_6)
FNDA:0,(anonymous_7)
FNDA:0,(anonymous_8)
FNDA:0,(anonymous_9)
FNDA:0,(anonymous_10)
FNDA:0,(anonymous_11)
FNDA:0,(anonymous_12)
FNDA:0,(anonymous_13)
FNDA:0,(anonymous_14)
FNDA:0,(anonymous_15)
FNDA:0,(anonymous_16)
FNDA:0,(anonymous_17)
FNDA:0,(anonymous_18)
FNDA:0,(anonymous_19)
FNDA:0,(anonymous_20)
FNDA:0,(anonymous_21)
DA:47,0
DA:48,0
DA:49,0
DA:50,0
DA:51,0
DA:54,0
DA:55,0
DA:56,0
DA:57,0
DA:58,0
DA:61,0
DA:73,0
DA:74,0
DA:77,0
DA:78,0
DA:80,0
DA:83,0
DA:84,0
DA:85,0
DA:86,0
DA:93,0
DA:95,0
DA:96,0
DA:99,0
DA:146,0
DA:150,0
DA:151,0
DA:152,0
DA:178,0
DA:182,0
DA:183,0
DA:186,0
DA:187,0
DA:188,0
DA:196,0
DA:197,0
DA:200,0
DA:201,0
DA:206,0
DA:207,0
DA:208,0
DA:209,0
DA:213,0
DA:242,0
DA:251,0
DA:285,0
DA:295,0
DA:319,0
DA:329,0
DA:332,0
DA:334,0
DA:386,0
DA:438,0
DA:479,0
LF:54
LH:0
BRDA:58,0,0,0
BRDA:58,0,1,0
BRDA:64,1,0,0
BRDA:64,1,1,0
BRDA:65,2,0,0
BRDA:65,2,1,0
BRDA:66,3,0,0
BRDA:66,3,1,0
BRDA:95,4,0,0
BRDA:95,4,1,0
BRDA:151,5,0,0
BRDA:151,5,1,0
BRDA:187,6,0,0
BRDA:187,6,1,0
BRDA:187,7,0,0
BRDA:187,7,1,0
BRDA:207,8,0,0
BRDA:207,8,1,0
BRDA:207,9,0,0
BRDA:207,9,1,0
BRDA:312,10,0,0
BRDA:312,10,1,0
BRDA:342,11,0,0
BRDA:342,11,1,0
BRDA:353,12,0,0
BRDA:353,12,1,0
BRDA:359,13,0,0
BRDA:359,13,1,0
BRDA:377,14,0,0
BRDA:377,14,1,0
BRDA:395,15,0,0
BRDA:395,15,1,0
BRDA:402,16,0,0
BRDA:402,16,1,0
BRDA:403,17,0,0
BRDA:403,17,1,0
BRDA:440,18,0,0
BRDA:440,18,1,0
BRDA:444,19,0,0
BRDA:444,19,1,0
BRDA:452,20,0,0
BRDA:452,20,1,0
BRDA:454,21,0,0
BRDA:454,21,1,0
BRF:44
BRH:0
end_of_record
TN:
SF:src/components/CommunitiesPage.tsx
FN:56,(anonymous_0)
FN:69,(anonymous_1)
FN:142,(anonymous_2)
FN:204,(anonymous_3)
FN:208,(anonymous_4)
FN:209,(anonymous_5)
FN:210,(anonymous_6)
FN:218,(anonymous_7)
FN:219,(anonymous_8)
FN:220,(anonymous_9)
FN:228,(anonymous_10)
FN:229,(anonymous_11)
FN:230,(anonymous_12)
FN:238,(anonymous_13)
FN:249,(anonymous_14)
FN:286,(anonymous_15)
FN:295,(anonymous_16)
FN:347,(anonymous_17)
FN:358,(anonymous_18)
FN:369,(anonymous_19)
FN:391,(anonymous_20)
FN:394,(anonymous_21)
FN:418,(anonymous_22)
FN:444,(anonymous_23)
FN:448,(anonymous_24)
FN:478,(anonymous_25)
FN:507,(anonymous_26)
FN:536,(anonymous_27)
FN:546,(anonymous_28)
FN:569,(anonymous_29)
FN:589,(anonymous_30)
FN:616,(anonymous_31)
FN:652,(anonymous_32)
FNF:33
FNH:0
FNDA:0,(anonymous_0)
FNDA:0,(anonymous_1)
FNDA:0,(anonymous_2)
FNDA:0,(anonymous_3)
FNDA:0,(anonymous_4)
FNDA:0,(anonymous_5)
FNDA:0,(anonymous_6)
FNDA:0,(anonymous_7)
FNDA:0,(anonymous_8)
FNDA:0,(anonymous_9)
FNDA:0,(anonymous_10)
FNDA:0,(anonymous_11)
FNDA:0,(anonymous_12)
FNDA:0,(anonymous_13)
FNDA:0,(anonymous_14)
FNDA:0,(anonymous_15)
FNDA:0,(anonymous_16)
FNDA:0,(anonymous_17)
FNDA:0,(anonymous_18)
FNDA:0,(anonymous_19)
FNDA:0,(anonymous_20)
FNDA:0,(anonymous_21)
FNDA:0,(anonymous_22)
FNDA:0,(anonymous_23)
FNDA:0,(anonymous_24)
FNDA:0,(anonymous_25)
FNDA:0,(anonymous_26)
FNDA:0,(anonymous_27)
FNDA:0,(anonymous_28)
FNDA:0,(anonymous_29)
FNDA:0,(anonymous_30)
FNDA:0,(anonymous_31)
FNDA:0,(anonymous_32)
DA:56,0
DA:57,0
DA:58,0
DA:59,0
DA:60,0
DA:61,0
DA:62,0
DA:63,0
DA:65,0
DA:66,0
DA:69,0
DA:70,0
DA:138,0
DA:142,0
DA:143,0
DA:144,0
DA:200,0
DA:204,0
DA:205,0
DA:208,0
DA:209,0
DA:210,0
DA:211,0
DA:218,0
DA:219,0
DA:220,0
DA:221,0
DA:228,0
DA:229,0
DA:230,0
DA:231,0
DA:238,0
DA:239,0
DA:246,0
DA:249,0
DA:250,0
DA:256,0
DA:259,0
DA:286,0
DA:295,0
DA:347,0
DA:358,0
DA:369,0
DA:392,0
DA:394,0
DA:418,0
DA:445,0
DA:449,0
DA:479,0
DA:507,0
DA:536,0
DA:547,0
DA:570,0
DA:589,0
DA:616,0
DA:653,0
LF:56
LH:0
BRDA:65,0,0,0
BRDA:65,0,1,0
BRDA:66,1,0,0
BRDA:66,1,1,0
BRDA:143,2,0,0
BRDA:143,2,1,0
BRDA:211,3,0,0
BRDA:211,3,1,0
BRDA:212,4,0,0
BRDA:212,4,1,0
BRDA:221,5,0,0
BRDA:221,5,1,0
BRDA:222,6,0,0
BRDA:222,6,1,0
BRDA:231,7,0,0
BRDA:231,7,1,0
BRDA:246,8,0,0
BRDA:246,8,1,0
BRDA:256,9,0,0
BRDA:256,9,1,0
BRDA:396,10,0,0
BRDA:396,10,1,0
BRDA:410,11,0,0
BRDA:410,11,1,0
BRDA:445,12,0,0
BRDA:445,12,1,0
BRDA:445,12,2,0
BRDA:459,13,0,0
BRDA:459,13,1,0
BRDA:488,14,0,0
BRDA:488,14,1,0
BRDA:504,15,0,0
BRDA:504,15,1,0
BRDA:505,16,0,0
BRDA:505,16,1,0
BRDA:508,17,0,0
BRDA:508,17,1,0
BRDA:510,18,0,0
BRDA:510,18,1,0
BRDA:521,19,0,0
BRDA:521,19,1,0
BRDA:521,19,2,0
BRDA:590,20,0,0
BRDA:590,20,1,0
BRDA:617,21,0,0
BRDA:617,21,1,0
BRDA:619,22,0,0
BRDA:619,22,1,0
BRDA:638,23,0,0
BRDA:638,23,1,0
BRF:50
BRH:0
end_of_record
TN:
SF:src/components/CommunityPage.tsx
FN:4,(anonymous_0)
FNF:1
FNH:0
FNDA:0,(anonymous_0)
DA:4,0
DA:5,0
LF:2
LH:0
BRF:0
BRH:0
end_of_record
TN:
SF:src/components/ContentCard.tsx
FN:56,(anonymous_0)
FN:69,(anonymous_1)
FN:78,(anonymous_2)
FN:87,(anonymous_3)
FN:96,(anonymous_4)
FN:103,(anonymous_5)
FN:109,(anonymous_6)
FN:114,(anonymous_7)
FN:118,(anonymous_8)
FN:122,(anonymous_9)
FN:126,(anonymous_10)
FN:130,(anonymous_11)
FN:172,(anonymous_12)
FN:253,(anonymous_13)
FN:274,(anonymous_14)
FNF:15
FNH:0
FNDA:0,(anonymous_0)
FNDA:0,(anonymous_1)
FNDA:0,(anonymous_2)
FNDA:0,(anonymous_3)
FNDA:0,(anonymous_4)
FNDA:0,(anonymous_5)
FNDA:0,(anonymous_6)
FNDA:0,(anonymous_7)
FNDA:0,(anonymous_8)
FNDA:0,(anonymous_9)
FNDA:0,(anonymous_10)
FNDA:0,(anonymous_11)
FNDA:0,(anonymous_12)
FNDA:0,(anonymous_13)
FNDA:0,(anonymous_14)
DA:56,0
DA:67,0
DA:69,0
DA:70,0
DA:71,0
DA:72,0
DA:73,0
DA:74,0
DA:78,0
DA:79,0
DA:80,0
DA:81,0
DA:82,0
DA:83,0
DA:87,0
DA:88,0
DA:89,0
DA:90,0
DA:91,0
DA:92,0
DA:96,0
DA:97,0
DA:98,0
DA:99,0
DA:100,0
DA:103,0
DA:104,0
DA:105,0
DA:106,0
DA:109,0
DA:110,0
DA:111,0
DA:114,0
DA:115,0
DA:118,0
DA:119,0
DA:122,0
DA:123,0
DA:126,0
DA:127,0
DA:130,0
DA:131,0
DA:134,0
DA:135,0
DA:173,0
DA:174,0
DA:187,0
DA:254,0
DA:275,0
LF:49
LH:0
BRDA:64,0,0,0
BRDA:65,1,0,0
BRDA:70,2,0,0
BRDA:70,2,1,0
BRDA:70,2,2,0
BRDA:70,2,3,0
BRDA:79,3,0,0
BRDA:79,3,1,0
BRDA:79,3,2,0
BRDA:79,3,3,0
BRDA:88,4,0,0
BRDA:88,4,1,0
BRDA:88,4,2,0
BRDA:88,4,3,0
BRDA:97,5,0,0
BRDA:97,5,1,0
BRDA:104,6,0,0
BRDA:104,6,1,0
BRDA:105,7,0,0
BRDA:105,7,1,0
BRDA:134,8,0,0
BRDA:134,8,1,0
BRDA:140,9,0,0
BRDA:140,9,1,0
BRDA:178,10,0,0
BRDA:178,10,1,0
BRDA:193,11,0,0
BRDA:193,11,1,0
BRDA:216,12,0,0
BRDA:216,12,1,0
BRDA:226,13,0,0
BRDA:226,13,1,0
BRDA:236,14,0,0
BRDA:236,14,1,0
BRDA:236,14,2,0
BRDA:263,15,0,0
BRDA:263,15,1,0
BRDA:284,16,0,0
BRDA:284,16,1,0
BRDA:341,17,0,0
BRDA:341,17,1,0
BRDA:342,18,0,0
BRDA:342,18,1,0
BRDA:358,19,0,0
BRDA:358,19,1,0
BRF:45
BRH:0
end_of_record
TN:
SF:src/components/ContentDiscoveryPanel.tsx
FN:57,(anonymous_0)
FN:77,(anonymous_1)
FN:212,(anonymous_2)
FN:217,(anonymous_3)
FN:220,(anonymous_4)
FN:226,(anonymous_5)
FN:231,(anonymous_6)
FN:236,(anonymous_7)
FN:245,(anonymous_8)
FN:250,(anonymous_9)
FN:255,(anonymous_10)
FN:260,(anonymous_11)
FN:265,(anonymous_12)
FN:270,(anonymous_13)
FN:275,(anonymous_14)
FN:284,(anonymous_15)
FN:313,(anonymous_16)
FN:314,(anonymous_17)
FN:348,(anonymous_18)
FN:381,(anonymous_19)
FN:404,(anonymous_20)
FN:423,(anonymous_21)
FN:428,(anonymous_22)
FN:439,(anonymous_23)
FN:444,(anonymous_24)
FN:455,(anonymous_25)
FN:460,(anonymous_26)
FN:473,(anonymous_27)
FNF:28
FNH:0
FNDA:0,(anonymous_0)
FNDA:0,(anonymous_1)
FNDA:0,(anonymous_2)
FNDA:0,(anonymous_3)
FNDA:0,(anonymous_4)
FNDA:0,(anonymous_5)
FNDA:0,(anonymous_6)
FNDA:0,(anonymous_7)
FNDA:0,(anonymous_8)
FNDA:0,(anonymous_9)
FNDA:0,(anonymous_10)
FNDA:0,(anonymous_11)
FNDA:0,(anonymous_12)
FNDA:0,(anonymous_13)
FNDA:0,(anonymous_14)
FNDA:0,(anonymous_15)
FNDA:0,(anonymous_16)
FNDA:0,(anonymous_17)
FNDA:0,(anonymous_18)
FNDA:0,(anonymous_19)
FNDA:0,(anonymous_20)
FNDA:0,(anonymous_21)
FNDA:0,(anonymous_22)
FNDA:0,(anonymous_23)
FNDA:0,(anonymous_24)
FNDA:0,(anonymous_25)
FNDA:0,(anonymous_26)
FNDA:0,(anonymous_27)
DA:57,0
DA:64,0
DA:65,0
DA:66,0
DA:67,0
DA:68,0
DA:69,0
DA:70,0
DA:71,0
DA:72,0
DA:74,0
DA:77,0
DA:78,0
DA:207,0
DA:208,0
DA:212,0
DA:213,0
DA:216,0
DA:217,0
DA:218,0
DA:220,0
DA:225,0
DA:226,0
DA:230,0
DA:231,0
DA:235,0
DA:236,0
DA:237,0
DA:242,0
DA:245,0
DA:246,0
DA:250,0
DA:251,0
DA:255,0
DA:256,0
DA:260,0
DA:261,0
DA:265,0
DA:266,0
DA:270,0
DA:271,0
DA:275,0
DA:276,0
DA:277,0
DA:278,0
DA:279,0
DA:280,0
DA:284,0
DA:285,0
DA:286,0
DA:287,0
DA:288,0
DA:289,0
DA:293,0
DA:294,0
DA:314,0
DA:349,0
DA:350,0
DA:364,0
DA:381,0
DA:404,0
DA:424,0
DA:428,0
DA:440,0
DA:444,0
DA:456,0
DA:460,0
DA:474,0
LF:68
LH:0
BRDA:58,0,0,0
BRDA:59,1,0,0
BRDA:60,2,0,0
BRDA:61,3,0,0
BRDA:62,4,0,0
BRDA:74,5,0,0
BRDA:74,5,1,0
BRDA:74,5,2,0
BRDA:216,6,0,0
BRDA:216,6,1,0
BRDA:218,7,0,0
BRDA:218,7,1,0
BRDA:218,7,2,0
BRDA:225,8,0,0
BRDA:225,8,1,0
BRDA:230,9,0,0
BRDA:230,9,1,0
BRDA:235,10,0,0
BRDA:235,10,1,0
BRDA:237,11,0,0
BRDA:237,11,1,0
BRDA:276,12,0,0
BRDA:276,12,1,0
BRDA:276,12,2,0
BRDA:276,12,3,0
BRDA:285,13,0,0
BRDA:285,13,1,0
BRDA:285,13,2,0
BRDA:285,13,3,0
BRDA:293,14,0,0
BRDA:293,14,1,0
BRDA:316,15,0,0
BRDA:316,15,1,0
BRDA:381,16,0,0
BRDA:381,16,1,0
BRDA:384,17,0,0
BRDA:384,17,1,0
BRDA:398,18,0,0
BRDA:398,18,1,0
BRDA:427,19,0,0
BRDA:427,19,1,0
BRDA:429,20,0,0
BRDA:429,20,1,0
BRDA:431,21,0,0
BRDA:431,21,1,0
BRDA:443,22,0,0
BRDA:443,22,1,0
BRDA:445,23,0,0
BRDA:445,23,1,0
BRDA:447,24,0,0
BRDA:447,24,1,0
BRDA:459,25,0,0
BRDA:459,25,1,0
BRDA:461,26,0,0
BRDA:461,26,1,0
BRDA:463,27,0,0
BRDA:463,27,1,0
BRDA:472,28,0,0
BRDA:472,28,1,0
BRDA:490,29,0,0
BRDA:490,29,1,0
BRF:61
BRH:0
end_of_record
TN:
SF:src/components/ContentRecommendationCarousel.tsx
FN:24,(anonymous_0)
FN:33,(anonymous_1)
FN:37,(anonymous_2)
FN:101,(anonymous_3)
FN:102,(anonymous_4)
FN:113,(anonymous_5)
FN:114,(anonymous_6)
FN:117,(anonymous_7)
FN:118,(anonymous_8)
FN:121,(anonymous_9)
FN:131,(anonymous_10)
FN:174,(anonymous_11)
FN:242,(anonymous_12)
FN:245,(anonymous_13)
FNF:14
FNH:0
FNDA:0,(anonymous_0)
FNDA:0,(anonymous_1)
FNDA:0,(anonymous_2)
FNDA:0,(anonymous_3)
FNDA:0,(anonymous_4)
FNDA:0,(anonymous_5)
FNDA:0,(anonymous_6)
FNDA:0,(anonymous_7)
FNDA:0,(anonymous_8)
FNDA:0,(anonymous_9)
FNDA:0,(anonymous_10)
FNDA:0,(anonymous_11)
FNDA:0,(anonymous_12)
FNDA:0,(anonymous_13)
DA:24,0
DA:29,0
DA:30,0
DA:31,0
DA:33,0
DA:34,0
DA:37,0
DA:38,0
DA:39,0
DA:41,0
DA:100,0
DA:101,0
DA:102,0
DA:105,0
DA:107,0
DA:109,0
DA:113,0
DA:114,0
DA:117,0
DA:118,0
DA:121,0
DA:122,0
DA:128,0
DA:131,0
DA:132,0
DA:137,0
DA:140,0
DA:141,0
DA:152,0
DA:153,0
DA:163,0
DA:165,0
DA:175,0
DA:243,0
DA:245,0
LF:35
LH:0
BRDA:27,0,0,0
BRDA:101,1,0,0
BRDA:101,1,1,0
BRDA:128,2,0,0
BRDA:128,2,1,0
BRDA:137,3,0,0
BRDA:137,3,1,0
BRDA:140,4,0,0
BRDA:140,4,1,0
BRDA:152,5,0,0
BRDA:152,5,1,0
BRDA:178,6,0,0
BRDA:178,6,1,0
BRDA:221,7,0,0
BRDA:221,7,1,0
BRDA:240,8,0,0
BRDA:240,8,1,0
BRDA:247,9,0,0
BRDA:247,9,1,0
BRF:19
BRH:0
end_of_record
TN:
SF:src/components/DashboardPage.tsx
FN:69,(anonymous_0)
FN:84,(anonymous_1)
FN:109,(anonymous_2)
FN:114,(anonymous_3)
FN:243,(anonymous_4)
FN:246,(anonymous_5)
FN:294,(anonymous_6)
FN:324,(anonymous_7)
FN:334,(anonymous_8)
FN:345,(anonymous_9)
FN:358,(anonymous_10)
FN:371,(anonymous_11)
FN:415,(anonymous_12)
FN:423,(anonymous_13)
FN:430,(anonymous_14)
FN:550,(anonymous_15)
FN:557,(anonymous_16)
FN:564,(anonymous_17)
FN:584,(anonymous_18)
FN:619,(anonymous_19)
FN:637,(anonymous_20)
FN:655,(anonymous_21)
FN:673,(anonymous_22)
FN:691,(anonymous_23)
FN:708,(anonymous_24)
FN:715,(anonymous_25)
FN:722,(anonymous_26)
FN:737,(anonymous_27)
FN:861,(anonymous_28)
FN:871,(anonymous_29)
FN:889,(anonymous_30)
FN:903,(anonymous_31)
FN:918,(anonymous_32)
FN:926,(anonymous_33)
FN:934,(anonymous_34)
FN:942,(anonymous_35)
FNF:36
FNH:0
FNDA:0,(anonymous_0)
FNDA:0,(anonymous_1)
FNDA:0,(anonymous_2)
FNDA:0,(anonymous_3)
FNDA:0,(anonymous_4)
FNDA:0,(anonymous_5)
FNDA:0,(anonymous_6)
FNDA:0,(anonymous_7)
FNDA:0,(anonymous_8)
FNDA:0,(anonymous_9)
FNDA:0,(anonymous_10)
FNDA:0,(anonymous_11)
FNDA:0,(anonymous_12)
FNDA:0,(anonymous_13)
FNDA:0,(anonymous_14)
FNDA:0,(anonymous_15)
FNDA:0,(anonymous_16)
FNDA:0,(anonymous_17)
FNDA:0,(anonymous_18)
FNDA:0,(anonymous_19)
FNDA:0,(anonymous_20)
FNDA:0,(anonymous_21)
FNDA:0,(anonymous_22)
FNDA:0,(anonymous_23)
FNDA:0,(anonymous_24)
FNDA:0,(anonymous_25)
FNDA:0,(anonymous_26)
FNDA:0,(anonymous_27)
FNDA:0,(anonymous_28)
FNDA:0,(anonymous_29)
FNDA:0,(anonymous_30)
FNDA:0,(anonymous_31)
FNDA:0,(anonymous_32)
FNDA:0,(anonymous_33)
FNDA:0,(anonymous_34)
FNDA:0,(anonymous_35)
DA:69,0
DA:70,0
DA:71,0
DA:72,0
DA:75,0
DA:77,0
DA:78,0
DA:80,0
DA:81,0
DA:84,0
DA:85,0
DA:87,0
DA:89,0
DA:91,0
DA:94,0
DA:95,0
DA:98,0
DA:101,0
DA:104,0
DA:105,0
DA:109,0
DA:110,0
DA:114,0
DA:116,0
DA:117,0
DA:118,0
DA:119,0
DA:122,0
DA:126,0
DA:128,0
DA:130,0
DA:134,0
DA:136,0
DA:138,0
DA:142,0
DA:144,0
DA:146,0
DA:243,0
DA:244,0
DA:246,0
DA:247,0
DA:251,0
DA:259,0
DA:294,0
DA:295,0
DA:296,0
DA:297,0
DA:298,0
DA:300,0
DA:304,0
DA:306,0
DA:309,0
DA:310,0
DA:311,0
DA:315,0
DA:316,0
DA:317,0
DA:320,0
DA:324,0
DA:325,0
DA:326,0
DA:327,0
DA:329,0
DA:331,0
DA:334,0
DA:335,0
DA:336,0
DA:337,0
DA:338,0
DA:340,0
DA:342,0
DA:345,0
DA:346,0
DA:348,0
DA:350,0
DA:352,0
DA:354,0
DA:358,0
DA:359,0
DA:361,0
DA:363,0
DA:365,0
DA:367,0
DA:371,0
DA:372,0
DA:374,0
DA:376,0
DA:378,0
DA:380,0
DA:382,0
DA:386,0
DA:415,0
DA:423,0
DA:430,0
DA:550,0
DA:557,0
DA:564,0
DA:584,0
DA:620,0
DA:637,0
DA:655,0
DA:673,0
DA:691,0
DA:708,0
DA:715,0
DA:722,0
DA:738,0
DA:862,0
DA:863,0
DA:872,0
DA:873,0
DA:874,0
DA:875,0
DA:877,0
DA:878,0
DA:880,0
DA:890,0
DA:892,0
DA:893,0
DA:894,0
DA:903,0
DA:918,0
DA:926,0
DA:934,0
DA:942,0
LF:125
LH:0
BRDA:77,0,0,0
BRDA:77,0,1,0
BRDA:78,1,0,0
BRDA:78,1,1,0
BRDA:89,2,0,0
BRDA:89,2,1,0
BRDA:89,3,0,0
BRDA:89,3,1,0
BRDA:104,4,0,0
BRDA:104,4,1,0
BRDA:116,5,0,0
BRDA:116,5,1,0
BRDA:117,6,0,0
BRDA:117,6,1,0
BRDA:118,7,0,0
BRDA:118,7,1,0
BRDA:119,8,0,0
BRDA:119,8,1,0
BRDA:244,9,0,0
BRDA:244,9,1,0
BRDA:300,10,0,0
BRDA:300,10,1,0
BRDA:306,11,0,0
BRDA:306,11,1,0
BRDA:306,11,2,0
BRDA:329,12,0,0
BRDA:329,12,1,0
BRDA:340,13,0,0
BRDA:340,13,1,0
BRDA:346,14,0,0
BRDA:346,14,1,0
BRDA:346,14,2,0
BRDA:346,14,3,0
BRDA:359,15,0,0
BRDA:359,15,1,0
BRDA:359,15,2,0
BRDA:359,15,3,0
BRDA:372,16,0,0
BRDA:372,16,1,0
BRDA:372,16,2,0
BRDA:372,16,3,0
BRDA:372,16,4,0
BRDA:602,17,0,0
BRDA:602,17,1,0
BRDA:624,18,0,0
BRDA:624,18,1,0
BRDA:624,18,2,0
BRDA:880,19,0,0
BRDA:880,19,1,0
BRDA:894,20,0,0
BRDA:894,20,1,0
BRF:51
BRH:0
end_of_record
TN:
SF:src/components/DatabaseMigrationTest.tsx
FN:12,(anonymous_0)
FN:18,(anonymous_1)
FN:22,(anonymous_2)
FN:57,(anonymous_3)
FN:70,(anonymous_4)
FN:74,(anonymous_5)
FN:75,(anonymous_6)
FN:149,(anonymous_7)
FN:161,(anonymous_8)
FNF:9
FNH:0
FNDA:0,(anonymous_0)
FNDA:0,(anonymous_1)
FNDA:0,(anonymous_2)
FNDA:0,(anonymous_3)
FNDA:0,(anonymous_4)
FNDA:0,(anonymous_5)
FNDA:0,(anonymous_6)
FNDA:0,(anonymous_7)
FNDA:0,(anonymous_8)
DA:12,0
DA:13,0
DA:14,0
DA:15,0
DA:16,0
DA:18,0
DA:19,0
DA:22,0
DA:23,0
DA:24,0
DA:25,0
DA:27,0
DA:30,0
DA:31,0
DA:34,0
DA:44,0
DA:46,0
DA:49,0
DA:50,0
DA:51,0
DA:53,0
DA:57,0
DA:58,0
DA:59,0
DA:60,0
DA:61,0
DA:63,0
DA:70,0
DA:71,0
DA:72,0
DA:74,0
DA:75,0
DA:77,0
DA:78,0
DA:79,0
DA:80,0
DA:81,0
DA:82,0
DA:83,0
DA:84,0
DA:85,0
DA:86,0
DA:87,0
DA:88,0
DA:89,0
DA:90,0
DA:91,0
DA:92,0
DA:93,0
DA:94,0
DA:95,0
DA:99,0
DA:100,0
DA:104,0
DA:106,0
DA:113,0
DA:114,0
DA:125,0
DA:150,0
DA:161,0
LF:60
LH:0
BRDA:49,0,0,0
BRDA:49,0,1,0
BRDA:65,1,0,0
BRDA:65,1,1,0
BRDA:77,2,0,0
BRDA:77,2,1,0
BRDA:86,3,0,0
BRDA:86,3,1,0
BRDA:108,4,0,0
BRDA:108,4,1,0
BRDA:113,5,0,0
BRDA:113,5,1,0
BRDA:129,6,0,0
BRDA:129,6,1,0
BRDA:135,7,0,0
BRDA:135,7,1,0
BRDA:153,8,0,0
BRDA:153,8,1,0
BRDA:159,9,0,0
BRDA:159,9,1,0
BRF:20
BRH:0
end_of_record
TN:
SF:src/components/DevelopDataPage.tsx
FN:20,(anonymous_0)
FN:31,(anonymous_1)
FN:37,(anonymous_2)
FN:43,(anonymous_3)
FN:54,(anonymous_4)
FN:76,(anonymous_5)
FN:87,(anonymous_6)
FN:88,(anonymous_7)
FN:89,(anonymous_8)
FN:90,(anonymous_9)
FN:103,(anonymous_10)
FN:124,(anonymous_11)
FN:145,(anonymous_12)
FN:152,(anonymous_13)
FN:153,(anonymous_14)
FN:154,(anonymous_15)
FN:155,(anonymous_16)
FN:157,(anonymous_17)
FN:166,(anonymous_18)
FN:181,(anonymous_19)
FN:183,(anonymous_20)
FN:187,(anonymous_21)
FN:199,(anonymous_22)
FN:220,(anonymous_23)
FN:230,(anonymous_24)
FN:240,(anonymous_25)
FN:250,(anonymous_26)
FN:482,(anonymous_27)
FN:494,(anonymous_28)
FN:621,(anonymous_29)
FNF:30
FNH:0
FNDA:0,(anonymous_0)
FNDA:0,(anonymous_1)
FNDA:0,(anonymous_2)
FNDA:0,(anonymous_3)
FNDA:0,(anonymous_4)
FNDA:0,(anonymous_5)
FNDA:0,(anonymous_6)
FNDA:0,(anonymous_7)
FNDA:0,(anonymous_8)
FNDA:0,(anonymous_9)
FNDA:0,(anonymous_10)
FNDA:0,(anonymous_11)
FNDA:0,(anonymous_12)
FNDA:0,(anonymous_13)
FNDA:0,(anonymous_14)
FNDA:0,(anonymous_15)
FNDA:0,(anonymous_16)
FNDA:0,(anonymous_17)
FNDA:0,(anonymous_18)
FNDA:0,(anonymous_19)
FNDA:0,(anonymous_20)
FNDA:0,(anonymous_21)
FNDA:0,(anonymous_22)
FNDA:0,(anonymous_23)
FNDA:0,(anonymous_24)
FNDA:0,(anonymous_25)
FNDA:0,(anonymous_26)
FNDA:0,(anonymous_27)
FNDA:0,(anonymous_28)
FNDA:0,(anonymous_29)
DA:20,0
DA:21,0
DA:22,0
DA:23,0
DA:27,0
DA:28,0
DA:31,0
DA:32,0
DA:33,0
DA:34,0
DA:35,0
DA:37,0
DA:39,0
DA:40,0
DA:43,0
DA:44,0
DA:45,0
DA:46,0
DA:47,0
DA:48,0
DA:49,0
DA:50,0
DA:51,0
DA:54,0
DA:55,0
DA:71,0
DA:72,0
DA:76,0
DA:77,0
DA:78,0
DA:79,0
DA:81,0
DA:82,0
DA:85,0
DA:87,0
DA:88,0
DA:89,0
DA:90,0
DA:92,0
DA:94,0
DA:96,0
DA:97,0
DA:99,0
DA:103,0
DA:104,0
DA:105,0
DA:106,0
DA:107,0
DA:108,0
DA:115,0
DA:117,0
DA:118,0
DA:120,0
DA:124,0
DA:125,0
DA:126,0
DA:127,0
DA:128,0
DA:129,0
DA:136,0
DA:138,0
DA:139,0
DA:141,0
DA:145,0
DA:146,0
DA:147,0
DA:148,0
DA:149,0
DA:150,0
DA:152,0
DA:153,0
DA:154,0
DA:155,0
DA:157,0
DA:159,0
DA:160,0
DA:162,0
DA:166,0
DA:167,0
DA:168,0
DA:169,0
DA:170,0
DA:172,0
DA:175,0
DA:176,0
DA:181,0
DA:182,0
DA:183,0
DA:184,0
DA:185,0
DA:187,0
DA:191,0
DA:199,0
DA:220,0
DA:230,0
DA:240,0
DA:250,0
DA:483,0
DA:484,0
DA:485,0
DA:495,0
DA:496,0
DA:622,0
LF:103
LH:0
BRDA:27,0,0,0
BRDA:27,0,1,0
BRDA:28,1,0,0
BRDA:28,1,1,0
BRDA:169,2,0,0
BRDA:169,2,1,0
BRDA:182,3,0,0
BRDA:182,3,1,0
BRDA:218,4,0,0
BRDA:218,4,1,0
BRDA:219,5,0,0
BRDA:219,5,1,0
BRDA:228,6,0,0
BRDA:228,6,1,0
BRDA:229,7,0,0
BRDA:229,7,1,0
BRDA:238,8,0,0
BRDA:238,8,1,0
BRDA:239,9,0,0
BRDA:239,9,1,0
BRDA:248,10,0,0
BRDA:248,10,1,0
BRDA:249,11,0,0
BRDA:249,11,1,0
BRDA:259,12,0,0
BRDA:259,12,1,0
BRDA:283,13,0,0
BRDA:283,13,1,0
BRDA:287,14,0,0
BRDA:287,14,1,0
BRDA:316,15,0,0
BRDA:316,15,1,0
BRDA:320,16,0,0
BRDA:320,16,1,0
BRDA:324,17,0,0
BRDA:324,17,1,0
BRDA:336,18,0,0
BRDA:336,18,1,0
BRDA:367,19,0,0
BRDA:367,19,1,0
BRDA:375,20,0,0
BRDA:375,20,1,0
BRDA:383,21,0,0
BRDA:383,21,1,0
BRDA:395,22,0,0
BRDA:395,22,1,0
BRDA:450,23,0,0
BRDA:450,23,1,0
BRDA:456,24,0,0
BRDA:456,24,1,0
BRDA:460,25,0,0
BRDA:460,25,1,0
BRDA:466,26,0,0
BRDA:466,26,1,0
BRDA:510,27,0,0
BRDA:510,27,1,0
BRDA:551,28,0,0
BRDA:551,28,1,0
BRDA:591,29,0,0
BRDA:591,29,1,0
BRDA:591,29,2,0
BRDA:615,30,0,0
BRDA:615,30,1,0
BRDA:637,31,0,0
BRDA:637,31,1,0
BRF:65
BRH:0
end_of_record
TN:
SF:src/components/DownloadButton.tsx
FN:21,(anonymous_0)
FN:38,(anonymous_1)
FN:44,(anonymous_2)
FN:78,(anonymous_3)
FN:101,(anonymous_4)
FNF:5
FNH:0
FNDA:0,(anonymous_0)
FNDA:0,(anonymous_1)
FNDA:0,(anonymous_2)
FNDA:0,(anonymous_3)
FNDA:0,(anonymous_4)
DA:21,0
DA:35,0
DA:36,0
DA:38,0
DA:40,0
DA:41,0
DA:44,0
DA:45,0
DA:47,0
DA:48,0
DA:50,0
DA:51,0
DA:55,0
DA:62,0
DA:63,0
DA:64,0
DA:66,0
DA:70,0
DA:71,0
DA:72,0
DA:74,0
DA:78,0
DA:79,0
DA:80,0
DA:83,0
DA:84,0
DA:86,0
DA:88,0
DA:90,0
DA:92,0
DA:94,0
DA:98,0
DA:101,0
DA:102,0
DA:103,0
DA:105,0
DA:108,0
LF:37
LH:0
BRDA:25,0,0,0
BRDA:26,1,0,0
BRDA:27,2,0,0
BRDA:28,3,0,0
BRDA:29,4,0,0
BRDA:45,5,0,0
BRDA:45,5,1,0
BRDA:62,6,0,0
BRDA:62,6,1,0
BRDA:71,7,0,0
BRDA:71,7,1,0
BRDA:79,8,0,0
BRDA:79,8,1,0
BRDA:83,9,0,0
BRDA:83,9,1,0
BRDA:84,10,0,0
BRDA:84,10,1,0
BRDA:84,10,2,0
BRDA:84,10,3,0
BRDA:84,10,4,0
BRDA:98,11,0,0
BRDA:98,11,1,0
BRDA:102,12,0,0
BRDA:102,12,1,0
BRDA:115,13,0,0
BRDA:115,13,1,0
BRDA:116,14,0,0
BRDA:116,14,1,0
BRF:28
BRH:0
end_of_record
TN:
SF:src/components/HolisticWellnessCard.tsx
FN:31,(anonymous_0)
FN:39,(anonymous_1)
FN:127,(anonymous_2)
FN:132,(anonymous_3)
FN:139,(anonymous_4)
FN:190,(anonymous_5)
FN:192,(anonymous_6)
FN:213,(anonymous_7)
FN:215,(anonymous_8)
FN:236,(anonymous_9)
FNF:10
FNH:0
FNDA:0,(anonymous_0)
FNDA:0,(anonymous_1)
FNDA:0,(anonymous_2)
FNDA:0,(anonymous_3)
FNDA:0,(anonymous_4)
FNDA:0,(anonymous_5)
FNDA:0,(anonymous_6)
FNDA:0,(anonymous_7)
FNDA:0,(anonymous_8)
FNDA:0,(anonymous_9)
DA:31,0
DA:32,0
DA:33,0
DA:34,0
DA:36,0
DA:39,0
DA:40,0
DA:124,0
DA:127,0
DA:128,0
DA:129,0
DA:132,0
DA:133,0
DA:134,0
DA:135,0
DA:136,0
DA:139,0
DA:140,0
DA:141,0
DA:142,0
DA:143,0
DA:147,0
DA:190,0
DA:193,0
DA:213,0
DA:216,0
DA:236,0
LF:27
LH:0
BRDA:36,0,0,0
BRDA:36,0,1,0
BRDA:133,1,0,0
BRDA:133,1,1,0
BRDA:134,2,0,0
BRDA:134,2,1,0
BRDA:135,3,0,0
BRDA:135,3,1,0
BRDA:140,4,0,0
BRDA:140,4,1,0
BRDA:140,4,2,0
BRDA:178,5,0,0
BRDA:178,5,1,0
BRDA:178,6,0,0
BRDA:178,6,1,0
BRF:15
BRH:0
end_of_record
TN:
SF:src/components/HolisticWellnessDashboard.tsx
FN:53,(anonymous_0)
FN:72,(anonymous_1)
FN:223,(anonymous_2)
FN:244,(anonymous_3)
FN:250,(anonymous_4)
FN:291,(anonymous_5)
FN:315,(anonymous_6)
FN:331,(anonymous_7)
FN:341,(anonymous_8)
FN:345,(anonymous_9)
FN:352,(anonymous_10)
FN:359,(anonymous_11)
FN:394,(anonymous_12)
FN:429,(anonymous_13)
FN:450,(anonymous_14)
FN:455,(anonymous_15)
FN:475,(anonymous_16)
FN:513,(anonymous_17)
FNF:18
FNH:0
FNDA:0,(anonymous_0)
FNDA:0,(anonymous_1)
FNDA:0,(anonymous_2)
FNDA:0,(anonymous_3)
FNDA:0,(anonymous_4)
FNDA:0,(anonymous_5)
FNDA:0,(anonymous_6)
FNDA:0,(anonymous_7)
FNDA:0,(anonymous_8)
FNDA:0,(anonymous_9)
FNDA:0,(anonymous_10)
FNDA:0,(anonymous_11)
FNDA:0,(anonymous_12)
FNDA:0,(anonymous_13)
FNDA:0,(anonymous_14)
FNDA:0,(anonymous_15)
FNDA:0,(anonymous_16)
FNDA:0,(anonymous_17)
DA:53,0
DA:54,0
DA:55,0
DA:56,0
DA:64,0
DA:65,0
DA:66,0
DA:68,0
DA:69,0
DA:72,0
DA:73,0
DA:220,0
DA:223,0
DA:224,0
DA:227,0
DA:228,0
DA:229,0
DA:230,0
DA:231,0
DA:233,0
DA:244,0
DA:245,0
DA:246,0
DA:250,0
DA:251,0
DA:252,0
DA:254,0
DA:255,0
DA:257,0
DA:258,0
DA:259,0
DA:260,0
DA:261,0
DA:264,0
DA:267,0
DA:268,0
DA:269,0
DA:270,0
DA:271,0
DA:272,0
DA:276,0
DA:277,0
DA:278,0
DA:279,0
DA:280,0
DA:281,0
DA:283,0
DA:284,0
DA:285,0
DA:286,0
DA:290,0
DA:291,0
DA:292,0
DA:293,0
DA:294,0
DA:295,0
DA:297,0
DA:298,0
DA:300,0
DA:303,0
DA:306,0
DA:307,0
DA:310,0
DA:311,0
DA:312,0
DA:315,0
DA:316,0
DA:317,0
DA:318,0
DA:319,0
DA:321,0
DA:322,0
DA:323,0
DA:324,0
DA:328,0
DA:329,0
DA:330,0
DA:331,0
DA:332,0
DA:333,0
DA:334,0
DA:335,0
DA:337,0
DA:341,0
DA:342,0
DA:345,0
DA:346,0
DA:347,0
DA:348,0
DA:349,0
DA:352,0
DA:353,0
DA:354,0
DA:355,0
DA:356,0
DA:359,0
DA:360,0
DA:361,0
DA:362,0
DA:363,0
DA:367,0
DA:394,0
DA:430,0
DA:451,0
DA:455,0
DA:476,0
DA:514,0
LF:107
LH:0
BRDA:53,0,0,0
BRDA:68,1,0,0
BRDA:68,1,1,0
BRDA:69,2,0,0
BRDA:69,2,1,0
BRDA:245,3,0,0
BRDA:245,3,1,0
BRDA:245,4,0,0
BRDA:245,4,1,0
BRDA:252,5,0,0
BRDA:252,5,1,0
BRDA:255,6,0,0
BRDA:255,6,1,0
BRDA:297,7,0,0
BRDA:297,7,1,0
BRDA:346,8,0,0
BRDA:346,8,1,0
BRDA:347,9,0,0
BRDA:347,9,1,0
BRDA:348,10,0,0
BRDA:348,10,1,0
BRDA:353,11,0,0
BRDA:353,11,1,0
BRDA:354,12,0,0
BRDA:354,12,1,0
BRDA:355,13,0,0
BRDA:355,13,1,0
BRDA:360,14,0,0
BRDA:360,14,1,0
BRDA:360,14,2,0
BRDA:454,15,0,0
BRDA:454,15,1,0
BRDA:456,16,0,0
BRDA:456,16,1,0
BRDA:458,17,0,0
BRDA:458,17,1,0
BRDA:458,18,0,0
BRDA:458,18,1,0
BRDA:495,19,0,0
BRDA:495,19,1,0
BRDA:495,20,0,0
BRDA:495,20,1,0
BRF:42
BRH:0
end_of_record
TN:
SF:src/components/JournalingPage.tsx
FN:62,(anonymous_0)
FN:68,(anonymous_1)
FN:72,(anonymous_2)
FN:105,(anonymous_3)
FN:165,(anonymous_4)
FN:191,(anonymous_5)
FN:203,(anonymous_6)
FN:208,(anonymous_7)
FN:209,(anonymous_8)
FN:235,(anonymous_9)
FN:241,(anonymous_10)
FN:242,(anonymous_11)
FN:255,(anonymous_12)
FN:256,(anonymous_13)
FN:262,(anonymous_14)
FN:267,(anonymous_15)
FN:280,(anonymous_16)
FN:304,(anonymous_17)
FN:313,(anonymous_18)
FN:322,(anonymous_19)
FN:338,(anonymous_20)
FN:341,(anonymous_21)
FN:382,(anonymous_22)
FN:407,(anonymous_23)
FN:420,(anonymous_24)
FN:428,(anonymous_25)
FN:443,(anonymous_26)
FN:450,(anonymous_27)
FN:466,(anonymous_28)
FN:478,(anonymous_29)
FN:494,(anonymous_30)
FN:504,(anonymous_31)
FN:516,(anonymous_32)
FN:546,(anonymous_33)
FN:577,(anonymous_34)
FN:589,(anonymous_35)
FN:601,(anonymous_36)
FN:613,(anonymous_37)
FN:629,(anonymous_38)
FN:641,(anonymous_39)
FN:653,(anonymous_40)
FN:733,(anonymous_41)
FN:737,(anonymous_42)
FN:757,(anonymous_43)
FN:779,(anonymous_44)
FNF:45
FNH:0
FNDA:0,(anonymous_0)
FNDA:0,(anonymous_1)
FNDA:0,(anonymous_2)
FNDA:0,(anonymous_3)
FNDA:0,(anonymous_4)
FNDA:0,(anonymous_5)
FNDA:0,(anonymous_6)
FNDA:0,(anonymous_7)
FNDA:0,(anonymous_8)
FNDA:0,(anonymous_9)
FNDA:0,(anonymous_10)
FNDA:0,(anonymous_11)
FNDA:0,(anonymous_12)
FNDA:0,(anonymous_13)
FNDA:0,(anonymous_14)
FNDA:0,(anonymous_15)
FNDA:0,(anonymous_16)
FNDA:0,(anonymous_17)
FNDA:0,(anonymous_18)
FNDA:0,(anonymous_19)
FNDA:0,(anonymous_20)
FNDA:0,(anonymous_21)
FNDA:0,(anonymous_22)
FNDA:0,(anonymous_23)
FNDA:0,(anonymous_24)
FNDA:0,(anonymous_25)
FNDA:0,(anonymous_26)
FNDA:0,(anonymous_27)
FNDA:0,(anonymous_28)
FNDA:0,(anonymous_29)
FNDA:0,(anonymous_30)
FNDA:0,(anonymous_31)
FNDA:0,(anonymous_32)
FNDA:0,(anonymous_33)
FNDA:0,(anonymous_34)
FNDA:0,(anonymous_35)
FNDA:0,(anonymous_36)
FNDA:0,(anonymous_37)
FNDA:0,(anonymous_38)
FNDA:0,(anonymous_39)
FNDA:0,(anonymous_40)
FNDA:0,(anonymous_41)
FNDA:0,(anonymous_42)
FNDA:0,(anonymous_43)
FNDA:0,(anonymous_44)
DA:62,0
DA:63,0
DA:64,0
DA:65,0
DA:68,0
DA:69,0
DA:70,0
DA:71,0
DA:72,0
DA:73,0
DA:76,0
DA:77,0
DA:79,0
DA:82,0
DA:83,0
DA:84,0
DA:85,0
DA:86,0
DA:87,0
DA:95,0
DA:100,0
DA:102,0
DA:105,0
DA:107,0
DA:108,0
DA:111,0
DA:144,0
DA:161,0
DA:162,0
DA:165,0
DA:166,0
DA:167,0
DA:178,0
DA:179,0
DA:187,0
DA:191,0
DA:192,0
DA:199,0
DA:200,0
DA:203,0
DA:204,0
DA:205,0
DA:207,0
DA:208,0
DA:209,0
DA:210,0
DA:211,0
DA:212,0
DA:213,0
DA:214,0
DA:215,0
DA:216,0
DA:217,0
DA:218,0
DA:219,0
DA:220,0
DA:225,0
DA:227,0
DA:228,0
DA:230,0
DA:235,0
DA:236,0
DA:238,0
DA:239,0
DA:241,0
DA:242,0
DA:243,0
DA:244,0
DA:249,0
DA:251,0
DA:255,0
DA:256,0
DA:257,0
DA:258,0
DA:262,0
DA:263,0
DA:264,0
DA:267,0
DA:268,0
DA:270,0
DA:272,0
DA:274,0
DA:276,0
DA:280,0
DA:281,0
DA:283,0
DA:285,0
DA:304,0
DA:313,0
DA:322,0
DA:339,0
DA:341,0
DA:382,0
DA:407,0
DA:421,0
DA:429,0
DA:444,0
DA:450,0
DA:466,0
DA:479,0
DA:495,0
DA:504,0
DA:517,0
DA:546,0
DA:578,0
DA:590,0
DA:602,0
DA:614,0
DA:629,0
DA:642,0
DA:653,0
DA:734,0
DA:737,0
DA:757,0
DA:779,0
LF:115
LH:0
BRDA:72,0,0,0
BRDA:72,0,1,0
BRDA:92,1,0,0
BRDA:92,1,1,0
BRDA:102,2,0,0
BRDA:102,2,1,0
BRDA:107,3,0,0
BRDA:107,3,1,0
BRDA:121,4,0,0
BRDA:121,4,1,0
BRDA:136,5,0,0
BRDA:136,5,1,0
BRDA:166,6,0,0
BRDA:166,6,1,0
BRDA:166,7,0,0
BRDA:166,7,1,0
BRDA:184,8,0,0
BRDA:184,8,1,0
BRDA:204,9,0,0
BRDA:204,9,1,0
BRDA:204,10,0,0
BRDA:204,10,1,0
BRDA:215,11,0,0
BRDA:215,11,1,0
BRDA:257,12,0,0
BRDA:257,12,1,0
BRDA:268,13,0,0
BRDA:268,13,1,0
BRDA:268,13,2,0
BRDA:268,13,3,0
BRDA:283,14,0,0
BRDA:283,14,1,0
BRDA:296,15,0,0
BRDA:296,15,1,0
BRDA:343,16,0,0
BRDA:343,16,1,0
BRDA:394,17,0,0
BRDA:394,17,1,0
BRDA:414,18,0,0
BRDA:414,18,1,0
BRDA:448,19,0,0
BRDA:448,19,1,0
BRDA:571,20,0,0
BRDA:571,20,1,0
BRDA:586,21,0,0
BRDA:586,21,1,0
BRDA:598,22,0,0
BRDA:598,22,1,0
BRDA:610,23,0,0
BRDA:610,23,1,0
BRDA:645,24,0,0
BRDA:645,24,1,0
BRDA:658,25,0,0
BRDA:658,25,1,0
BRDA:662,26,0,0
BRDA:662,26,1,0
BRDA:686,27,0,0
BRDA:686,27,1,0
BRDA:693,28,0,0
BRDA:693,28,1,0
BRDA:768,29,0,0
BRDA:768,29,1,0
BRDA:770,30,0,0
BRDA:770,30,1,0
BRDA:771,31,0,0
BRDA:771,31,1,0
BRDA:776,32,0,0
BRDA:776,32,1,0
BRF:68
BRH:0
end_of_record
TN:
SF:src/components/LoadingSpinner.tsx
FN:8,(anonymous_0)
FNF:1
FNH:0
FNDA:0,(anonymous_0)
DA:8,0
DA:12,0
LF:2
LH:0
BRDA:9,0,0,0
BRDA:10,1,0,0
BRF:2
BRH:0
end_of_record
TN:
SF:src/components/MBTIContentFeed.tsx
FN:23,(anonymous_0)
FN:31,(anonymous_1)
FN:35,(anonymous_2)
FN:109,(anonymous_3)
FN:114,(anonymous_4)
FN:118,(anonymous_5)
FN:128,(anonymous_6)
FN:138,(anonymous_7)
FN:175,(anonymous_8)
FN:181,(anonymous_9)
FN:184,(anonymous_10)
FN:200,(anonymous_11)
FNF:12
FNH:0
FNDA:0,(anonymous_0)
FNDA:0,(anonymous_1)
FNDA:0,(anonymous_2)
FNDA:0,(anonymous_3)
FNDA:0,(anonymous_4)
FNDA:0,(anonymous_5)
FNDA:0,(anonymous_6)
FNDA:0,(anonymous_7)
FNDA:0,(anonymous_8)
FNDA:0,(anonymous_9)
FNDA:0,(anonymous_10)
FNDA:0,(anonymous_11)
DA:23,0
DA:27,0
DA:28,0
DA:29,0
DA:31,0
DA:32,0
DA:35,0
DA:36,0
DA:37,0
DA:39,0
DA:109,0
DA:110,0
DA:113,0
DA:114,0
DA:118,0
DA:120,0
DA:122,0
DA:124,0
DA:128,0
DA:129,0
DA:135,0
DA:138,0
DA:139,0
DA:146,0
DA:149,0
DA:158,0
DA:159,0
DA:170,0
DA:175,0
DA:182,0
DA:184,0
DA:201,0
LF:32
LH:0
BRDA:25,0,0,0
BRDA:110,1,0,0
BRDA:110,1,1,0
BRDA:113,2,0,0
BRDA:113,2,1,0
BRDA:135,3,0,0
BRDA:135,3,1,0
BRDA:146,4,0,0
BRDA:146,4,1,0
BRDA:158,5,0,0
BRDA:158,5,1,0
BRDA:186,6,0,0
BRDA:186,6,1,0
BRDA:199,7,0,0
BRDA:199,7,1,0
BRDA:204,8,0,0
BRDA:204,8,1,0
BRDA:212,9,0,0
BRDA:212,9,1,0
BRDA:215,10,0,0
BRDA:215,10,1,0
BRDA:256,11,0,0
BRDA:256,11,1,0
BRF:23
BRH:0
end_of_record
TN:
SF:src/components/MBTIJournalingPrompts.tsx
FN:21,(anonymous_0)
FN:155,(anonymous_1)
FN:179,(anonymous_2)
FN:188,(anonymous_3)
FN:227,(anonymous_4)
FN:233,(anonymous_5)
FN:246,(anonymous_6)
FN:252,(anonymous_7)
FN:265,(anonymous_8)
FN:269,(anonymous_9)
FN:280,(anonymous_10)
FN:306,(anonymous_11)
FNF:12
FNH:0
FNDA:0,(anonymous_0)
FNDA:0,(anonymous_1)
FNDA:0,(anonymous_2)
FNDA:0,(anonymous_3)
FNDA:0,(anonymous_4)
FNDA:0,(anonymous_5)
FNDA:0,(anonymous_6)
FNDA:0,(anonymous_7)
FNDA:0,(anonymous_8)
FNDA:0,(anonymous_9)
FNDA:0,(anonymous_10)
FNDA:0,(anonymous_11)
DA:21,0
DA:25,0
DA:26,0
DA:27,0
DA:29,0
DA:32,0
DA:155,0
DA:156,0
DA:157,0
DA:158,0
DA:160,0
DA:163,0
DA:172,0
DA:179,0
DA:180,0
DA:185,0
DA:188,0
DA:189,0
DA:196,0
DA:199,0
DA:228,0
DA:233,0
DA:247,0
DA:252,0
DA:266,0
DA:269,0
DA:281,0
DA:307,0
DA:308,0
LF:29
LH:0
BRDA:29,0,0,0
BRDA:29,0,1,0
BRDA:156,1,0,0
BRDA:156,1,1,0
BRDA:157,2,0,0
BRDA:157,2,1,0
BRDA:158,3,0,0
BRDA:158,3,1,0
BRDA:160,4,0,0
BRDA:160,4,1,0
BRDA:160,4,2,0
BRDA:185,5,0,0
BRDA:185,5,1,0
BRDA:196,6,0,0
BRDA:196,6,1,0
BRDA:231,7,0,0
BRDA:231,7,1,0
BRDA:232,8,0,0
BRDA:232,8,1,0
BRDA:250,9,0,0
BRDA:250,9,1,0
BRDA:251,10,0,0
BRDA:251,10,1,0
BRDA:264,11,0,0
BRDA:264,11,1,0
BRF:25
BRH:0
end_of_record
TN:
SF:src/components/MCPBridgeSyncDemo.tsx
FN:44,(anonymous_0)
FN:70,(anonymous_1)
FN:84,(anonymous_2)
FN:88,(anonymous_3)
FN:88,(anonymous_4)
FN:97,(anonymous_5)
FN:97,(anonymous_6)
FN:113,(anonymous_7)
FN:113,(anonymous_8)
FN:128,(anonymous_9)
FN:132,(anonymous_10)
FN:132,(anonymous_11)
FN:137,(anonymous_12)
FN:137,(anonymous_13)
FN:152,(anonymous_14)
FN:158,(anonymous_15)
FN:158,(anonymous_16)
FN:178,(anonymous_17)
FN:179,(anonymous_18)
FN:189,(anonymous_19)
FN:190,(anonymous_20)
FN:194,(anonymous_21)
FN:198,(anonymous_22)
FN:202,(anonymous_23)
FN:211,(anonymous_24)
FN:352,(anonymous_25)
FN:386,(anonymous_26)
FN:421,(anonymous_27)
FN:432,(anonymous_28)
FNF:29
FNH:0
FNDA:0,(anonymous_0)
FNDA:0,(anonymous_1)
FNDA:0,(anonymous_2)
FNDA:0,(anonymous_3)
FNDA:0,(anonymous_4)
FNDA:0,(anonymous_5)
FNDA:0,(anonymous_6)
FNDA:0,(anonymous_7)
FNDA:0,(anonymous_8)
FNDA:0,(anonymous_9)
FNDA:0,(anonymous_10)
FNDA:0,(anonymous_11)
FNDA:0,(anonymous_12)
FNDA:0,(anonymous_13)
FNDA:0,(anonymous_14)
FNDA:0,(anonymous_15)
FNDA:0,(anonymous_16)
FNDA:0,(anonymous_17)
FNDA:0,(anonymous_18)
FNDA:0,(anonymous_19)
FNDA:0,(anonymous_20)
FNDA:0,(anonymous_21)
FNDA:0,(anonymous_22)
FNDA:0,(anonymous_23)
FNDA:0,(anonymous_24)
FNDA:0,(anonymous_25)
FNDA:0,(anonymous_26)
FNDA:0,(anonymous_27)
FNDA:0,(anonymous_28)
DA:44,0
DA:45,0
DA:46,0
DA:47,0
DA:48,0
DA:49,0
DA:52,0
DA:70,0
DA:71,0
DA:72,0
DA:73,0
DA:74,0
DA:76,0
DA:77,0
DA:79,0
DA:84,0
DA:85,0
DA:86,0
DA:88,0
DA:89,0
DA:94,0
DA:97,0
DA:98,0
DA:108,0
DA:110,0
DA:113,0
DA:114,0
DA:123,0
DA:128,0
DA:129,0
DA:130,0
DA:132,0
DA:134,0
DA:137,0
DA:143,0
DA:145,0
DA:147,0
DA:152,0
DA:153,0
DA:154,0
DA:155,0
DA:158,0
DA:159,0
DA:169,0
DA:171,0
DA:173,0
DA:178,0
DA:179,0
DA:185,0
DA:189,0
DA:190,0
DA:191,0
DA:194,0
DA:198,0
DA:199,0
DA:202,0
DA:203,0
DA:204,0
DA:205,0
DA:206,0
DA:207,0
DA:211,0
DA:212,0
DA:213,0
DA:214,0
DA:215,0
DA:216,0
DA:220,0
DA:352,0
DA:387,0
DA:421,0
DA:432,0
LF:72
LH:0
BRDA:89,0,0,0
BRDA:89,0,1,0
BRDA:98,1,0,0
BRDA:98,1,1,0
BRDA:114,2,0,0
BRDA:114,2,1,0
BRDA:118,3,0,0
BRDA:118,3,1,0
BRDA:159,4,0,0
BRDA:159,4,1,0
BRDA:203,5,0,0
BRDA:203,5,1,0
BRDA:203,5,2,0
BRDA:203,5,3,0
BRDA:212,6,0,0
BRDA:212,6,1,0
BRDA:212,6,2,0
BRDA:212,6,3,0
BRDA:248,7,0,0
BRDA:248,7,1,0
BRDA:253,8,0,0
BRDA:253,8,1,0
BRDA:298,9,0,0
BRDA:298,9,1,0
BRDA:307,10,0,0
BRDA:307,10,1,0
BRDA:310,11,0,0
BRDA:310,11,1,0
BRDA:321,12,0,0
BRDA:321,12,1,0
BRDA:363,13,0,0
BRDA:363,13,1,0
BRDA:364,14,0,0
BRDA:364,14,1,0
BRDA:409,15,0,0
BRDA:409,15,1,0
BRDA:422,16,0,0
BRDA:422,16,1,0
BRDA:427,17,0,0
BRDA:427,17,1,0
BRF:40
BRH:0
end_of_record
TN:
SF:src/components/MET24DomainsPage.tsx
FN:41,(anonymous_0)
FN:49,(anonymous_1)
FN:53,(anonymous_2)
FN:79,(anonymous_3)
FN:92,(anonymous_4)
FN:122,(anonymous_5)
FN:123,(anonymous_6)
FN:126,(anonymous_7)
FN:136,(anonymous_8)
FN:203,(anonymous_9)
FN:274,(anonymous_10)
FNF:11
FNH:0
FNDA:0,(anonymous_0)
FNDA:0,(anonymous_1)
FNDA:0,(anonymous_2)
FNDA:0,(anonymous_3)
FNDA:0,(anonymous_4)
FNDA:0,(anonymous_5)
FNDA:0,(anonymous_6)
FNDA:0,(anonymous_7)
FNDA:0,(anonymous_8)
FNDA:0,(anonymous_9)
FNDA:0,(anonymous_10)
DA:41,0
DA:42,0
DA:43,0
DA:44,0
DA:45,0
DA:46,0
DA:47,0
DA:49,0
DA:50,0
DA:53,0
DA:54,0
DA:55,0
DA:56,0
DA:59,0
DA:60,0
DA:61,0
DA:62,0
DA:66,0
DA:67,0
DA:70,0
DA:73,0
DA:75,0
DA:79,0
DA:80,0
DA:83,0
DA:85,0
DA:88,0
DA:92,0
DA:93,0
DA:95,0
DA:96,0
DA:99,0
DA:101,0
DA:103,0
DA:104,0
DA:106,0
DA:110,0
DA:113,0
DA:116,0
DA:118,0
DA:122,0
DA:123,0
DA:126,0
DA:127,0
DA:128,0
DA:129,0
DA:130,0
DA:131,0
DA:132,0
DA:136,0
DA:137,0
DA:138,0
DA:139,0
DA:140,0
DA:141,0
DA:142,0
DA:146,0
DA:147,0
DA:157,0
DA:158,0
DA:176,0
DA:204,0
DA:205,0
DA:206,0
DA:207,0
DA:208,0
DA:210,0
DA:275,0
LF:68
LH:0
BRDA:60,0,0,0
BRDA:60,0,1,0
BRDA:66,1,0,0
BRDA:66,1,1,0
BRDA:71,2,0,0
BRDA:71,2,1,0
BRDA:86,3,0,0
BRDA:86,3,1,0
BRDA:93,4,0,0
BRDA:93,4,1,0
BRDA:101,5,0,0
BRDA:101,5,1,0
BRDA:110,6,0,0
BRDA:110,6,1,0
BRDA:114,7,0,0
BRDA:114,7,1,0
BRDA:127,8,0,0
BRDA:127,8,1,0
BRDA:127,8,2,0
BRDA:127,8,3,0
BRDA:127,8,4,0
BRDA:137,9,0,0
BRDA:137,9,1,0
BRDA:137,9,2,0
BRDA:137,9,3,0
BRDA:137,9,4,0
BRDA:146,10,0,0
BRDA:146,10,1,0
BRDA:157,11,0,0
BRDA:157,11,1,0
BRDA:194,12,0,0
BRDA:194,12,1,0
BRDA:196,13,0,0
BRDA:196,13,1,0
BRDA:205,14,0,0
BRDA:205,14,1,0
BRDA:206,15,0,0
BRDA:206,15,1,0
BRDA:207,16,0,0
BRDA:207,16,1,0
BRDA:208,17,0,0
BRDA:208,17,1,0
BRDA:235,18,0,0
BRDA:235,18,1,0
BRDA:270,19,0,0
BRDA:270,19,1,0
BRDA:270,19,2,0
BRDA:279,20,0,0
BRDA:279,20,1,0
BRDA:315,21,0,0
BRDA:315,21,1,0
BRDA:335,22,0,0
BRDA:335,22,1,0
BRF:53
BRH:0
end_of_record
TN:
SF:src/components/MainView.tsx
FN:21,(anonymous_0)
FN:84,(anonymous_1)
FN:85,(anonymous_2)
FN:101,(anonymous_3)
FN:105,(anonymous_4)
FN:106,(anonymous_5)
FN:110,(anonymous_6)
FN:120,(anonymous_7)
FN:121,(anonymous_8)
FN:127,(anonymous_9)
FN:135,(anonymous_10)
FN:136,(anonymous_11)
FN:168,(anonymous_12)
FN:181,(anonymous_13)
FN:199,(anonymous_14)
FN:200,(anonymous_15)
FN:204,(anonymous_16)
FN:210,(anonymous_17)
FN:225,(anonymous_18)
FN:238,(anonymous_19)
FN:253,(anonymous_20)
FN:291,(anonymous_21)
FN:316,(anonymous_22)
FN:414,(anonymous_23)
FN:424,(anonymous_24)
FN:434,(anonymous_25)
FN:444,(anonymous_26)
FN:481,(anonymous_27)
FN:513,(anonymous_28)
FN:545,(anonymous_29)
FN:633,(anonymous_30)
FN:676,(anonymous_31)
FN:712,(anonymous_32)
FN:760,(anonymous_33)
FN:773,(anonymous_34)
FN:800,(anonymous_35)
FN:829,(anonymous_36)
FN:864,(anonymous_37)
FN:932,(anonymous_38)
FN:946,(anonymous_39)
FN:956,(anonymous_40)
FN:966,(anonymous_41)
FN:975,(anonymous_42)
FNF:43
FNH:0
FNDA:0,(anonymous_0)
FNDA:0,(anonymous_1)
FNDA:0,(anonymous_2)
FNDA:0,(anonymous_3)
FNDA:0,(anonymous_4)
FNDA:0,(anonymous_5)
FNDA:0,(anonymous_6)
FNDA:0,(anonymous_7)
FNDA:0,(anonymous_8)
FNDA:0,(anonymous_9)
FNDA:0,(anonymous_10)
FNDA:0,(anonymous_11)
FNDA:0,(anonymous_12)
FNDA:0,(anonymous_13)
FNDA:0,(anonymous_14)
FNDA:0,(anonymous_15)
FNDA:0,(anonymous_16)
FNDA:0,(anonymous_17)
FNDA:0,(anonymous_18)
FNDA:0,(anonymous_19)
FNDA:0,(anonymous_20)
FNDA:0,(anonymous_21)
FNDA:0,(anonymous_22)
FNDA:0,(anonymous_23)
FNDA:0,(anonymous_24)
FNDA:0,(anonymous_25)
FNDA:0,(anonymous_26)
FNDA:0,(anonymous_27)
FNDA:0,(anonymous_28)
FNDA:0,(anonymous_29)
FNDA:0,(anonymous_30)
FNDA:0,(anonymous_31)
FNDA:0,(anonymous_32)
FNDA:0,(anonymous_33)
FNDA:0,(anonymous_34)
FNDA:0,(anonymous_35)
FNDA:0,(anonymous_36)
FNDA:0,(anonymous_37)
FNDA:0,(anonymous_38)
FNDA:0,(anonymous_39)
FNDA:0,(anonymous_40)
FNDA:0,(anonymous_41)
FNDA:0,(anonymous_42)
DA:21,0
DA:22,0
DA:23,0
DA:24,0
DA:27,0
DA:30,0
DA:32,0
DA:39,0
DA:56,0
DA:69,0
DA:84,0
DA:85,0
DA:86,0
DA:87,0
DA:96,0
DA:99,0
DA:101,0
DA:105,0
DA:106,0
DA:107,0
DA:110,0
DA:120,0
DA:121,0
DA:127,0
DA:130,0
DA:131,0
DA:135,0
DA:136,0
DA:137,0
DA:138,0
DA:139,0
DA:140,0
DA:141,0
DA:142,0
DA:146,0
DA:147,0
DA:148,0
DA:149,0
DA:150,0
DA:153,0
DA:157,0
DA:161,0
DA:163,0
DA:164,0
DA:168,0
DA:169,0
DA:170,0
DA:173,0
DA:174,0
DA:175,0
DA:177,0
DA:181,0
DA:184,0
DA:193,0
DA:194,0
DA:199,0
DA:200,0
DA:201,0
DA:202,0
DA:204,0
DA:210,0
DA:211,0
DA:212,0
DA:213,0
DA:216,0
DA:220,0
DA:225,0
DA:226,0
DA:230,0
DA:238,0
DA:239,0
DA:240,0
DA:241,0
DA:242,0
DA:243,0
DA:245,0
DA:250,0
DA:251,0
DA:253,0
DA:254,0
DA:256,0
DA:257,0
DA:258,0
DA:260,0
DA:264,0
DA:266,0
DA:269,0
DA:270,0
DA:271,0
DA:275,0
DA:276,0
DA:277,0
DA:281,0
DA:282,0
DA:283,0
DA:287,0
DA:291,0
DA:292,0
DA:294,0
DA:295,0
DA:297,0
DA:301,0
DA:303,0
DA:306,0
DA:307,0
DA:308,0
DA:312,0
DA:316,0
DA:317,0
DA:319,0
DA:320,0
DA:321,0
DA:323,0
DA:327,0
DA:331,0
DA:332,0
DA:333,0
DA:338,0
DA:339,0
DA:340,0
DA:344,0
DA:345,0
DA:346,0
DA:350,0
DA:354,0
DA:414,0
DA:424,0
DA:434,0
DA:444,0
DA:481,0
DA:513,0
DA:545,0
DA:633,0
DA:677,0
DA:712,0
DA:760,0
DA:773,0
DA:800,0
DA:829,0
DA:865,0
DA:866,0
DA:932,0
DA:946,0
DA:956,0
DA:966,0
DA:975,0
DA:992,0
LF:147
LH:0
BRDA:139,0,0,0
BRDA:139,0,1,0
BRDA:147,1,0,0
BRDA:147,1,1,0
BRDA:163,2,0,0
BRDA:163,2,1,0
BRDA:164,3,0,0
BRDA:164,3,1,0
BRDA:184,4,0,0
BRDA:184,4,1,0
BRDA:184,4,2,0
BRDA:184,4,3,0
BRDA:184,4,4,0
BRDA:184,4,5,0
BRDA:184,4,6,0
BRDA:185,5,0,0
BRDA:185,5,1,0
BRDA:193,6,0,0
BRDA:193,6,1,0
BRDA:240,7,0,0
BRDA:240,7,1,0
BRDA:266,8,0,0
BRDA:266,8,1,0
BRDA:266,8,2,0
BRDA:266,8,3,0
BRDA:303,9,0,0
BRDA:303,9,1,0
BRDA:327,10,0,0
BRDA:327,10,1,0
BRDA:327,10,2,0
BRDA:327,10,3,0
BRDA:327,10,4,0
BRDA:327,10,5,0
BRDA:367,11,0,0
BRDA:367,11,1,0
BRDA:571,12,0,0
BRDA:571,12,1,0
BRDA:585,13,0,0
BRDA:585,13,1,0
BRDA:597,14,0,0
BRDA:597,14,1,0
BRDA:603,15,0,0
BRDA:603,15,1,0
BRDA:610,16,0,0
BRDA:610,16,1,0
BRDA:617,17,0,0
BRDA:617,17,1,0
BRDA:659,18,0,0
BRDA:659,18,1,0
BRDA:739,19,0,0
BRDA:739,19,1,0
BRDA:848,20,0,0
BRDA:848,20,1,0
BRDA:871,21,0,0
BRDA:871,21,1,0
BRDA:883,22,0,0
BRDA:883,22,1,0
BRDA:903,23,0,0
BRDA:903,23,1,0
BRDA:907,24,0,0
BRDA:907,24,1,0
BRDA:911,25,0,0
BRDA:911,25,1,0
BRDA:915,26,0,0
BRDA:915,26,1,0
BRF:65
BRH:0
end_of_record
TN:
SF:src/components/MockTestPage.tsx
FN:12,(anonymous_0)
FN:17,(anonymous_1)
FN:26,(anonymous_2)
FN:27,(anonymous_3)
FN:64,(anonymous_4)
FN:170,(anonymous_5)
FNF:6
FNH:0
FNDA:0,(anonymous_0)
FNDA:0,(anonymous_1)
FNDA:0,(anonymous_2)
FNDA:0,(anonymous_3)
FNDA:0,(anonymous_4)
FNDA:0,(anonymous_5)
DA:12,0
DA:13,0
DA:14,0
DA:15,0
DA:17,0
DA:18,0
DA:19,0
DA:20,0
DA:22,0
DA:23,0
DA:26,0
DA:27,0
DA:31,0
DA:33,0
DA:34,0
DA:36,0
DA:51,0
DA:53,0
DA:54,0
DA:60,0
DA:64,0
DA:65,0
DA:66,0
DA:68,0
DA:69,0
DA:70,0
DA:76,0
DA:83,0
DA:84,0
DA:88,0
DA:171,0
LF:31
LH:0
BRDA:56,0,0,0
BRDA:56,0,1,0
BRDA:78,1,0,0
BRDA:78,1,1,0
BRDA:115,2,0,0
BRDA:115,2,1,0
BRDA:124,3,0,0
BRDA:124,3,1,0
BRDA:128,4,0,0
BRDA:128,4,1,0
BRDA:144,5,0,0
BRDA:144,5,1,0
BRDA:152,6,0,0
BRDA:152,6,1,0
BRDA:158,7,0,0
BRDA:158,7,1,0
BRDA:166,8,0,0
BRDA:166,8,1,0
BRDA:180,9,0,0
BRDA:180,9,1,0
BRDA:187,10,0,0
BRDA:187,10,1,0
BRF:22
BRH:0
end_of_record
TN:
SF:src/components/NEW2-OnboardingFlow.tsx
FN:51,(anonymous_0)
FN:54,(anonymous_1)
FN:71,(anonymous_2)
FN:72,(anonymous_3)
FN:86,(anonymous_4)
FN:87,(anonymous_5)
FN:96,(anonymous_6)
FN:131,(anonymous_7)
FN:154,(anonymous_8)
FN:159,(anonymous_9)
FN:163,(anonymous_10)
FN:171,(anonymous_11)
FN:176,(anonymous_12)
FN:180,(anonymous_13)
FN:186,(anonymous_14)
FN:192,(anonymous_15)
FN:198,(anonymous_16)
FN:204,(anonymous_17)
FN:216,(anonymous_18)
FN:220,(anonymous_19)
FN:224,(anonymous_20)
FN:250,(anonymous_21)
FN:260,(anonymous_22)
FN:268,(anonymous_23)
FN:320,(anonymous_24)
FN:373,(anonymous_25)
FNF:26
FNH:0
FNDA:0,(anonymous_0)
FNDA:0,(anonymous_1)
FNDA:0,(anonymous_2)
FNDA:0,(anonymous_3)
FNDA:0,(anonymous_4)
FNDA:0,(anonymous_5)
FNDA:0,(anonymous_6)
FNDA:0,(anonymous_7)
FNDA:0,(anonymous_8)
FNDA:0,(anonymous_9)
FNDA:0,(anonymous_10)
FNDA:0,(anonymous_11)
FNDA:0,(anonymous_12)
FNDA:0,(anonymous_13)
FNDA:0,(anonymous_14)
FNDA:0,(anonymous_15)
FNDA:0,(anonymous_16)
FNDA:0,(anonymous_17)
FNDA:0,(anonymous_18)
FNDA:0,(anonymous_19)
FNDA:0,(anonymous_20)
FNDA:0,(anonymous_21)
FNDA:0,(anonymous_22)
FNDA:0,(anonymous_23)
FNDA:0,(anonymous_24)
FNDA:0,(anonymous_25)
DA:51,0
DA:52,0
DA:54,0
DA:56,0
DA:57,0
DA:58,0
DA:59,0
DA:61,0
DA:64,0
DA:71,0
DA:72,0
DA:74,0
DA:75,0
DA:81,0
DA:83,0
DA:86,0
DA:87,0
DA:88,0
DA:90,0
DA:91,0
DA:92,0
DA:96,0
DA:97,0
DA:99,0
DA:100,0
DA:101,0
DA:102,0
DA:103,0
DA:104,0
DA:105,0
DA:106,0
DA:107,0
DA:108,0
DA:109,0
DA:110,0
DA:111,0
DA:112,0
DA:113,0
DA:114,0
DA:115,0
DA:116,0
DA:117,0
DA:118,0
DA:119,0
DA:120,0
DA:121,0
DA:122,0
DA:123,0
DA:124,0
DA:125,0
DA:127,0
DA:131,0
DA:132,0
DA:134,0
DA:135,0
DA:136,0
DA:137,0
DA:138,0
DA:139,0
DA:140,0
DA:141,0
DA:142,0
DA:143,0
DA:144,0
DA:145,0
DA:146,0
DA:147,0
DA:148,0
DA:150,0
DA:154,0
DA:156,0
DA:159,0
DA:160,0
DA:163,0
DA:164,0
DA:166,0
DA:168,0
DA:171,0
DA:172,0
DA:173,0
DA:176,0
DA:177,0
DA:180,0
DA:181,0
DA:182,0
DA:183,0
DA:186,0
DA:187,0
DA:189,0
DA:192,0
DA:193,0
DA:195,0
DA:198,0
DA:199,0
DA:201,0
DA:204,0
DA:205,0
DA:207,0
DA:216,0
DA:217,0
DA:220,0
DA:221,0
DA:224,0
DA:225,0
DA:228,0
DA:229,0
DA:232,0
DA:250,0
DA:260,0
DA:268,0
DA:320,0
DA:373,0
LF:112
LH:0
BRDA:57,0,0,0
BRDA:57,0,1,0
BRDA:99,1,0,0
BRDA:99,1,1,0
BRDA:101,2,0,0
BRDA:101,2,1,0
BRDA:103,3,0,0
BRDA:103,3,1,0
BRDA:105,4,0,0
BRDA:105,4,1,0
BRDA:107,5,0,0
BRDA:107,5,1,0
BRDA:109,6,0,0
BRDA:109,6,1,0
BRDA:111,7,0,0
BRDA:111,7,1,0
BRDA:113,8,0,0
BRDA:113,8,1,0
BRDA:115,9,0,0
BRDA:115,9,1,0
BRDA:117,10,0,0
BRDA:117,10,1,0
BRDA:119,11,0,0
BRDA:119,11,1,0
BRDA:121,12,0,0
BRDA:121,12,1,0
BRDA:123,13,0,0
BRDA:123,13,1,0
BRDA:125,14,0,0
BRDA:125,14,1,0
BRDA:134,15,0,0
BRDA:134,15,1,0
BRDA:136,16,0,0
BRDA:136,16,1,0
BRDA:138,17,0,0
BRDA:138,17,1,0
BRDA:140,18,0,0
BRDA:140,18,1,0
BRDA:142,19,0,0
BRDA:142,19,1,0
BRDA:144,20,0,0
BRDA:144,20,1,0
BRDA:146,21,0,0
BRDA:146,21,1,0
BRDA:148,22,0,0
BRDA:148,22,1,0
BRDA:228,23,0,0
BRDA:228,23,1,0
BRDA:305,24,0,0
BRDA:305,24,1,0
BRDA:309,25,0,0
BRDA:309,25,1,0
BRDA:310,26,0,0
BRDA:310,26,1,0
BRDA:316,27,0,0
BRDA:316,27,1,0
BRF:56
BRH:0
end_of_record
TN:
SF:src/components/OnboardingFlowSimulator.tsx
FN:12,(anonymous_0)
FN:20,(anonymous_1)
FN:31,(anonymous_2)
FN:32,(anonymous_3)
FN:65,(anonymous_4)
FN:71,(anonymous_5)
FN:80,(anonymous_6)
FN:146,(anonymous_7)
FN:192,(anonymous_8)
FN:300,(anonymous_9)
FNF:10
FNH:0
FNDA:0,(anonymous_0)
FNDA:0,(anonymous_1)
FNDA:0,(anonymous_2)
FNDA:0,(anonymous_3)
FNDA:0,(anonymous_4)
FNDA:0,(anonymous_5)
FNDA:0,(anonymous_6)
FNDA:0,(anonymous_7)
FNDA:0,(anonymous_8)
FNDA:0,(anonymous_9)
DA:12,0
DA:13,0
DA:14,0
DA:15,0
DA:16,0
DA:17,0
DA:18,0
DA:20,0
DA:21,0
DA:22,0
DA:23,0
DA:24,0
DA:25,0
DA:27,0
DA:28,0
DA:31,0
DA:32,0
DA:33,0
DA:34,0
DA:35,0
DA:40,0
DA:42,0
DA:43,0
DA:44,0
DA:46,0
DA:49,0
DA:50,0
DA:53,0
DA:55,0
DA:56,0
DA:61,0
DA:65,0
DA:66,0
DA:67,0
DA:68,0
DA:71,0
DA:72,0
DA:73,0
DA:74,0
DA:75,0
DA:76,0
DA:80,0
DA:81,0
DA:82,0
DA:83,0
DA:84,0
DA:85,0
DA:89,0
DA:147,0
DA:192,0
DA:301,0
LF:51
LH:0
BRDA:49,0,0,0
BRDA:49,0,1,0
BRDA:49,1,0,0
BRDA:49,1,1,0
BRDA:58,2,0,0
BRDA:58,2,1,0
BRDA:66,3,0,0
BRDA:66,3,1,0
BRDA:67,4,0,0
BRDA:67,4,1,0
BRDA:73,5,0,0
BRDA:73,5,1,0
BRDA:73,5,2,0
BRDA:82,6,0,0
BRDA:82,6,1,0
BRDA:82,6,2,0
BRDA:115,7,0,0
BRDA:115,7,1,0
BRDA:118,8,0,0
BRDA:118,8,1,0
BRDA:134,9,0,0
BRDA:134,9,1,0
BRDA:152,10,0,0
BRDA:152,10,1,0
BRDA:164,11,0,0
BRDA:164,11,1,0
BRDA:172,12,0,0
BRDA:172,12,1,0
BRDA:178,13,0,0
BRDA:178,13,1,0
BRDA:182,14,0,0
BRDA:182,14,1,0
BRDA:189,15,0,0
BRDA:189,15,1,0
BRDA:192,16,0,0
BRDA:192,16,1,0
BRDA:195,17,0,0
BRDA:195,17,1,0
BRDA:198,18,0,0
BRDA:198,18,1,0
BRDA:208,19,0,0
BRDA:208,19,1,0
BRDA:211,20,0,0
BRDA:211,20,1,0
BRDA:214,21,0,0
BRDA:214,21,1,0
BRDA:217,22,0,0
BRDA:217,22,1,0
BRDA:220,23,0,0
BRDA:220,23,1,0
BRDA:220,24,0,0
BRDA:220,24,1,0
BRDA:223,25,0,0
BRDA:223,25,1,0
BRDA:293,26,0,0
BRDA:293,26,1,0
BRDA:303,27,0,0
BRDA:303,27,1,0
BRDA:311,28,0,0
BRDA:311,28,1,0
BRDA:314,29,0,0
BRDA:314,29,1,0
BRF:62
BRH:0
end_of_record
TN:
SF:src/components/OnboardingTest.tsx
FN:5,(anonymous_0)
FN:10,(anonymous_1)
FN:16,(anonymous_2)
FN:50,(anonymous_3)
FN:63,(anonymous_4)
FN:116,(anonymous_5)
FNF:6
FNH:0
FNDA:0,(anonymous_0)
FNDA:0,(anonymous_1)
FNDA:0,(anonymous_2)
FNDA:0,(anonymous_3)
FNDA:0,(anonymous_4)
FNDA:0,(anonymous_5)
DA:5,0
DA:6,0
DA:7,0
DA:8,0
DA:10,0
DA:11,0
DA:12,0
DA:13,0
DA:16,0
DA:17,0
DA:18,0
DA:19,0
DA:22,0
DA:23,0
DA:30,0
DA:50,0
DA:63,0
DA:116,0
LF:18
LH:0
BRDA:22,0,0,0
BRDA:22,0,1,0
BRDA:74,1,0,0
BRDA:74,1,1,0
BRDA:81,2,0,0
BRDA:81,2,1,0
BRDA:90,3,0,0
BRDA:90,3,1,0
BRDA:91,4,0,0
BRDA:91,4,1,0
BRDA:98,5,0,0
BRDA:98,5,1,0
BRDA:99,6,0,0
BRDA:99,6,1,0
BRDA:100,7,0,0
BRDA:100,7,1,0
BRDA:101,8,0,0
BRDA:101,8,1,0
BRF:18
BRH:0
end_of_record
TN:
SF:src/components/PWAInstallPrompt.tsx
FN:12,(anonymous_0)
FN:21,(anonymous_1)
FN:26,(anonymous_2)
FN:45,(anonymous_3)
FN:48,(anonymous_4)
FN:56,(anonymous_5)
FN:68,(anonymous_6)
FNF:7
FNH:0
FNDA:0,(anonymous_0)
FNDA:0,(anonymous_1)
FNDA:0,(anonymous_2)
FNDA:0,(anonymous_3)
FNDA:0,(anonymous_4)
FNDA:0,(anonymous_5)
FNDA:0,(anonymous_6)
DA:12,0
DA:13,0
DA:14,0
DA:21,0
DA:23,0
DA:26,0
DA:27,0
DA:35,0
DA:36,0
DA:40,0
DA:43,0
DA:45,0
DA:48,0
DA:49,0
DA:50,0
DA:51,0
DA:52,0
DA:56,0
DA:57,0
DA:58,0
DA:59,0
DA:63,0
DA:64,0
DA:68,0
DA:69,0
DA:71,0
DA:79,0
DA:87,0
DA:95,0
DA:105,0
DA:107,0
LF:31
LH:0
BRDA:50,0,0,0
BRDA:50,0,1,0
BRDA:63,1,0,0
BRDA:63,1,1,0
BRDA:69,2,0,0
BRDA:69,2,1,0
BRDA:69,2,2,0
BRDA:69,2,3,0
BRDA:109,3,0,0
BRDA:109,3,1,0
BRDA:112,4,0,0
BRDA:112,4,1,0
BRF:12
BRH:0
end_of_record
TN:
SF:src/components/PWATest.tsx
FN:16,(anonymous_0)
FN:30,(anonymous_1)
FN:39,(anonymous_2)
FN:51,(anonymous_3)
FN:55,(anonymous_4)
FN:59,(anonymous_5)
FN:63,(anonymous_6)
FN:68,(anonymous_7)
FN:71,(anonymous_8)
FN:75,(anonymous_9)
FN:79,(anonymous_10)
FN:85,(anonymous_11)
FN:88,(anonymous_12)
FN:92,(anonymous_13)
FN:96,(anonymous_14)
FN:99,(anonymous_15)
FN:102,(anonymous_16)
FN:106,(anonymous_17)
FN:107,(anonymous_18)
FN:112,(anonymous_19)
FN:113,(anonymous_20)
FN:114,(anonymous_21)
FN:121,(anonymous_22)
FN:128,(anonymous_23)
FN:133,(anonymous_24)
FN:138,(anonymous_25)
FN:143,(anonymous_26)
FN:148,(anonymous_27)
FN:153,(anonymous_28)
FN:158,(anonymous_29)
FN:163,(anonymous_30)
FN:178,(anonymous_31)
FN:182,(anonymous_32)
FN:192,(anonymous_33)
FN:200,(anonymous_34)
FN:207,(anonymous_35)
FN:214,(anonymous_36)
FN:215,(anonymous_37)
FN:305,(anonymous_38)
FN:321,(anonymous_39)
FN:342,(anonymous_40)
FN:345,(anonymous_41)
FNF:42
FNH:0
FNDA:0,(anonymous_0)
FNDA:0,(anonymous_1)
FNDA:0,(anonymous_2)
FNDA:0,(anonymous_3)
FNDA:0,(anonymous_4)
FNDA:0,(anonymous_5)
FNDA:0,(anonymous_6)
FNDA:0,(anonymous_7)
FNDA:0,(anonymous_8)
FNDA:0,(anonymous_9)
FNDA:0,(anonymous_10)
FNDA:0,(anonymous_11)
FNDA:0,(anonymous_12)
FNDA:0,(anonymous_13)
FNDA:0,(anonymous_14)
FNDA:0,(anonymous_15)
FNDA:0,(anonymous_16)
FNDA:0,(anonymous_17)
FNDA:0,(anonymous_18)
FNDA:0,(anonymous_19)
FNDA:0,(anonymous_20)
FNDA:0,(anonymous_21)
FNDA:0,(anonymous_22)
FNDA:0,(anonymous_23)
FNDA:0,(anonymous_24)
FNDA:0,(anonymous_25)
FNDA:0,(anonymous_26)
FNDA:0,(anonymous_27)
FNDA:0,(anonymous_28)
FNDA:0,(anonymous_29)
FNDA:0,(anonymous_30)
FNDA:0,(anonymous_31)
FNDA:0,(anonymous_32)
FNDA:0,(anonymous_33)
FNDA:0,(anonymous_34)
FNDA:0,(anonymous_35)
FNDA:0,(anonymous_36)
FNDA:0,(anonymous_37)
FNDA:0,(anonymous_38)
FNDA:0,(anonymous_39)
FNDA:0,(anonymous_40)
FNDA:0,(anonymous_41)
DA:16,0
DA:17,0
DA:27,0
DA:28,0
DA:30,0
DA:31,0
DA:32,0
DA:33,0
DA:34,0
DA:35,0
DA:36,0
DA:39,0
DA:40,0
DA:41,0
DA:43,0
DA:44,0
DA:45,0
DA:46,0
DA:47,0
DA:49,0
DA:51,0
DA:52,0
DA:55,0
DA:56,0
DA:59,0
DA:60,0
DA:63,0
DA:64,0
DA:65,0
DA:66,0
DA:67,0
DA:68,0
DA:70,0
DA:71,0
DA:74,0
DA:75,0
DA:79,0
DA:80,0
DA:81,0
DA:82,0
DA:83,0
DA:84,0
DA:85,0
DA:87,0
DA:88,0
DA:91,0
DA:92,0
DA:96,0
DA:99,0
DA:100,0
DA:101,0
DA:102,0
DA:103,0
DA:106,0
DA:107,0
DA:108,0
DA:112,0
DA:113,0
DA:114,0
DA:117,0
DA:118,0
DA:121,0
DA:122,0
DA:123,0
DA:125,0
DA:128,0
DA:133,0
DA:138,0
DA:143,0
DA:148,0
DA:153,0
DA:158,0
DA:163,0
DA:168,0
DA:169,0
DA:170,0
DA:171,0
DA:178,0
DA:179,0
DA:182,0
DA:184,0
DA:192,0
DA:193,0
DA:197,0
DA:200,0
DA:201,0
DA:202,0
DA:203,0
DA:205,0
DA:206,0
DA:207,0
DA:209,0
DA:214,0
DA:215,0
DA:217,0
DA:305,0
DA:322,0
DA:342,0
DA:345,0
LF:99
LH:0
BRDA:43,0,0,0
BRDA:43,0,1,0
BRDA:44,1,0,0
BRDA:44,1,1,0
BRDA:45,2,0,0
BRDA:45,2,1,0
BRDA:46,3,0,0
BRDA:46,3,1,0
BRDA:47,4,0,0
BRDA:47,4,1,0
BRDA:56,5,0,0
BRDA:56,5,1,0
BRDA:64,6,0,0
BRDA:64,6,1,0
BRDA:82,7,0,0
BRDA:82,7,1,0
BRDA:148,8,0,0
BRDA:148,8,1,0
BRDA:163,9,0,0
BRDA:163,9,1,0
BRDA:188,10,0,0
BRDA:188,10,1,0
BRDA:201,11,0,0
BRDA:201,11,1,0
BRDA:205,12,0,0
BRDA:205,12,1,0
BRDA:214,13,0,0
BRDA:214,13,1,0
BRDA:215,14,0,0
BRDA:215,14,1,0
BRDA:243,15,0,0
BRDA:243,15,1,0
BRDA:250,16,0,0
BRDA:250,16,1,0
BRDA:257,17,0,0
BRDA:257,17,1,0
BRDA:264,18,0,0
BRDA:264,18,1,0
BRDA:290,19,0,0
BRDA:290,19,1,0
BRDA:293,20,0,0
BRDA:293,20,1,0
BRDA:314,21,0,0
BRDA:314,21,1,0
BRDA:328,22,0,0
BRDA:328,22,1,0
BRDA:334,23,0,0
BRDA:334,23,1,0
BRF:48
BRH:0
end_of_record
TN:
SF:src/components/PaymentSelectionPage.tsx
FN:13,(anonymous_0)
FN:57,(anonymous_1)
FN:73,(anonymous_2)
FN:162,(anonymous_3)
FN:170,(anonymous_4)
FN:445,(anonymous_5)
FN:449,(anonymous_6)
FNF:7
FNH:0
FNDA:0,(anonymous_0)
FNDA:0,(anonymous_1)
FNDA:0,(anonymous_2)
FNDA:0,(anonymous_3)
FNDA:0,(anonymous_4)
FNDA:0,(anonymous_5)
FNDA:0,(anonymous_6)
DA:13,0
DA:18,0
DA:19,0
DA:20,0
DA:22,0
DA:28,0
DA:32,0
DA:57,0
DA:58,0
DA:59,0
DA:66,0
DA:68,0
DA:73,0
DA:74,0
DA:76,0
DA:83,0
DA:86,0
DA:87,0
DA:90,0
DA:91,0
DA:94,0
DA:95,0
DA:97,0
DA:101,0
DA:163,0
DA:170,0
DA:446,0
DA:450,0
LF:28
LH:0
BRDA:28,0,0,0
BRDA:28,0,1,0
BRDA:66,1,0,0
BRDA:66,1,1,0
BRDA:74,2,0,0
BRDA:74,2,1,0
BRDA:83,3,0,0
BRDA:83,3,1,0
BRDA:83,3,2,0
BRDA:83,3,3,0
BRDA:166,4,0,0
BRDA:166,4,1,0
BRDA:183,5,0,0
BRDA:183,5,1,0
BRDA:189,6,0,0
BRDA:189,6,1,0
BRDA:203,7,0,0
BRDA:203,7,1,0
BRDA:234,8,0,0
BRDA:234,8,1,0
BRDA:398,9,0,0
BRDA:398,9,1,0
BRF:22
BRH:0
end_of_record
TN:
SF:src/components/PerformanceOptimizedWrapper.tsx
FN:18,(anonymous_0)
FN:32,(anonymous_1)
FN:33,(anonymous_2)
FN:73,(anonymous_3)
FNF:4
FNH:0
FNDA:0,(anonymous_0)
FNDA:0,(anonymous_1)
FNDA:0,(anonymous_2)
FNDA:0,(anonymous_3)
DA:18,0
DA:28,0
DA:29,0
DA:30,0
DA:32,0
DA:33,0
DA:34,0
DA:35,0
DA:36,0
DA:38,0
DA:39,0
DA:42,0
DA:47,0
DA:50,0
DA:52,0
DA:56,0
DA:59,0
DA:60,0
DA:63,0
DA:64,0
DA:73,0
DA:83,0
LF:22
LH:0
BRDA:20,0,0,0
BRDA:26,1,0,0
BRDA:38,2,0,0
BRDA:38,2,1,0
BRDA:48,3,0,0
BRDA:48,3,1,0
BRDA:59,4,0,0
BRDA:59,4,1,0
BRDA:63,5,0,0
BRDA:63,5,1,0
BRF:10
BRH:0
end_of_record
TN:
SF:src/components/PreDownloadForm.tsx
FN:31,(anonymous_0)
FN:41,(anonymous_1)
FN:66,(anonymous_2)
FN:142,(anonymous_3)
FN:143,(anonymous_4)
FN:146,(anonymous_5)
FN:172,(anonymous_6)
FN:190,(anonymous_7)
FN:207,(anonymous_8)
FN:219,(anonymous_9)
FN:233,(anonymous_10)
FN:236,(anonymous_11)
FNF:12
FNH:0
FNDA:0,(anonymous_0)
FNDA:0,(anonymous_1)
FNDA:0,(anonymous_2)
FNDA:0,(anonymous_3)
FNDA:0,(anonymous_4)
FNDA:0,(anonymous_5)
FNDA:0,(anonymous_6)
FNDA:0,(anonymous_7)
FNDA:0,(anonymous_8)
FNDA:0,(anonymous_9)
FNDA:0,(anonymous_10)
FNDA:0,(anonymous_11)
DA:12,0
DA:31,0
DA:32,0
DA:37,0
DA:38,0
DA:39,0
DA:41,0
DA:42,0
DA:44,0
DA:45,0
DA:48,0
DA:49,0
DA:50,0
DA:51,0
DA:54,0
DA:55,0
DA:58,0
DA:59,0
DA:62,0
DA:63,0
DA:66,0
DA:67,0
DA:69,0
DA:70,0
DA:73,0
DA:74,0
DA:76,0
DA:77,0
DA:84,0
DA:91,0
DA:92,0
DA:93,0
DA:96,0
DA:99,0
DA:100,0
DA:107,0
DA:109,0
DA:110,0
DA:118,0
DA:120,0
DA:123,0
DA:125,0
DA:129,0
DA:130,0
DA:132,0
DA:133,0
DA:135,0
DA:138,0
DA:142,0
DA:143,0
DA:145,0
DA:146,0
DA:150,0
DA:172,0
DA:190,0
DA:208,0
DA:209,0
DA:220,0
DA:234,0
DA:235,0
DA:236,0
LF:61
LH:0
BRDA:44,0,0,0
BRDA:44,0,1,0
BRDA:48,1,0,0
BRDA:48,1,1,0
BRDA:50,2,0,0
BRDA:50,2,1,0
BRDA:54,3,0,0
BRDA:54,3,1,0
BRDA:58,4,0,0
BRDA:58,4,1,0
BRDA:69,5,0,0
BRDA:69,5,1,0
BRDA:91,6,0,0
BRDA:91,6,1,0
BRDA:107,7,0,0
BRDA:107,7,1,0
BRDA:109,8,0,0
BRDA:109,8,1,0
BRDA:130,9,0,0
BRDA:130,9,1,0
BRDA:132,10,0,0
BRDA:132,10,1,0
BRDA:145,11,0,0
BRDA:145,11,1,0
BRDA:206,12,0,0
BRDA:206,12,1,0
BRDA:235,13,0,0
BRDA:235,13,1,0
BRDA:250,14,0,0
BRDA:250,14,1,0
BRDA:256,15,0,0
BRDA:256,15,1,0
BRDA:271,16,0,0
BRDA:271,16,1,0
BRF:34
BRH:0
end_of_record
TN:
SF:src/components/ProfilePage.tsx
FN:76,(anonymous_0)
FN:199,(anonymous_1)
FN:205,(anonymous_2)
FN:215,(anonymous_3)
FN:233,(anonymous_4)
FN:242,(anonymous_5)
FN:253,(anonymous_6)
FN:277,(anonymous_7)
FN:324,(anonymous_8)
FN:350,(anonymous_9)
FN:353,(anonymous_10)
FN:371,(anonymous_11)
FN:392,(anonymous_12)
FN:442,(anonymous_13)
FN:467,(anonymous_14)
FN:485,(anonymous_15)
FN:499,(anonymous_16)
FN:507,(anonymous_17)
FN:513,(anonymous_18)
FN:521,(anonymous_19)
FN:527,(anonymous_20)
FN:534,(anonymous_21)
FN:537,(anonymous_22)
FN:546,(anonymous_23)
FN:558,(anonymous_24)
FN:577,(anonymous_25)
FN:589,(anonymous_26)
FN:604,(anonymous_27)
FNF:28
FNH:0
FNDA:0,(anonymous_0)
FNDA:0,(anonymous_1)
FNDA:0,(anonymous_2)
FNDA:0,(anonymous_3)
FNDA:0,(anonymous_4)
FNDA:0,(anonymous_5)
FNDA:0,(anonymous_6)
FNDA:0,(anonymous_7)
FNDA:0,(anonymous_8)
FNDA:0,(anonymous_9)
FNDA:0,(anonymous_10)
FNDA:0,(anonymous_11)
FNDA:0,(anonymous_12)
FNDA:0,(anonymous_13)
FNDA:0,(anonymous_14)
FNDA:0,(anonymous_15)
FNDA:0,(anonymous_16)
FNDA:0,(anonymous_17)
FNDA:0,(anonymous_18)
FNDA:0,(anonymous_19)
FNDA:0,(anonymous_20)
FNDA:0,(anonymous_21)
FNDA:0,(anonymous_22)
FNDA:0,(anonymous_23)
FNDA:0,(anonymous_24)
FNDA:0,(anonymous_25)
FNDA:0,(anonymous_26)
FNDA:0,(anonymous_27)
DA:76,0
DA:77,0
DA:78,0
DA:79,0
DA:80,0
DA:81,0
DA:82,0
DA:85,0
DA:129,0
DA:181,0
DA:189,0
DA:199,0
DA:200,0
DA:201,0
DA:202,0
DA:205,0
DA:206,0
DA:207,0
DA:208,0
DA:209,0
DA:210,0
DA:211,0
DA:215,0
DA:216,0
DA:217,0
DA:218,0
DA:219,0
DA:223,0
DA:233,0
DA:242,0
DA:253,0
DA:277,0
DA:324,0
DA:351,0
DA:353,0
DA:372,0
DA:393,0
DA:443,0
DA:468,0
DA:485,0
DA:499,0
DA:507,0
DA:513,0
DA:521,0
DA:527,0
DA:534,0
DA:538,0
DA:546,0
DA:558,0
DA:577,0
DA:590,0
DA:604,0
LF:52
LH:0
BRDA:182,0,0,0
BRDA:182,0,1,0
BRDA:190,1,0,0
BRDA:190,1,1,0
BRDA:191,2,0,0
BRDA:191,2,1,0
BRDA:192,3,0,0
BRDA:192,3,1,0
BRDA:193,4,0,0
BRDA:193,4,1,0
BRDA:194,5,0,0
BRDA:194,5,1,0
BRDA:195,6,0,0
BRDA:195,6,1,0
BRDA:196,7,0,0
BRDA:196,7,1,0
BRDA:202,8,0,0
BRDA:202,8,1,0
BRDA:206,9,0,0
BRDA:206,9,1,0
BRDA:206,9,2,0
BRDA:206,9,3,0
BRDA:206,9,4,0
BRDA:216,10,0,0
BRDA:216,10,1,0
BRDA:216,10,2,0
BRDA:268,11,0,0
BRDA:268,11,1,0
BRDA:300,12,0,0
BRDA:300,12,1,0
BRDA:304,13,0,0
BRDA:304,13,1,0
BRDA:316,14,0,0
BRDA:316,14,1,0
BRDA:355,15,0,0
BRDA:355,15,1,0
BRDA:369,16,0,0
BRDA:369,16,1,0
BRDA:390,17,0,0
BRDA:390,17,1,0
BRDA:421,18,0,0
BRDA:421,18,1,0
BRDA:454,19,0,0
BRDA:454,19,1,0
BRF:44
BRH:0
end_of_record
TN:
SF:src/components/PushNotificationSettings.tsx
FN:16,(anonymous_0)
FN:32,(anonymous_1)
FN:40,(anonymous_2)
FN:44,(anonymous_3)
FNF:4
FNH:0
FNDA:0,(anonymous_0)
FNDA:0,(anonymous_1)
FNDA:0,(anonymous_2)
FNDA:0,(anonymous_3)
DA:16,0
DA:30,0
DA:32,0
DA:33,0
DA:34,0
DA:36,0
DA:40,0
DA:41,0
DA:44,0
DA:45,0
DA:47,0
DA:49,0
DA:51,0
DA:55,0
DA:56,0
DA:58,0
DA:59,0
DA:77,0
LF:18
LH:0
BRDA:18,0,0,0
BRDA:33,1,0,0
BRDA:33,1,1,0
BRDA:45,2,0,0
BRDA:45,2,1,0
BRDA:45,2,2,0
BRDA:58,3,0,0
BRDA:58,3,1,0
BRDA:101,4,0,0
BRDA:101,4,1,0
BRDA:109,5,0,0
BRDA:109,5,1,0
BRDA:115,6,0,0
BRDA:115,6,1,0
BRDA:118,7,0,0
BRDA:118,7,1,0
BRDA:123,8,0,0
BRDA:123,8,1,0
BRDA:141,9,0,0
BRDA:141,9,1,0
BRDA:147,10,0,0
BRDA:147,10,1,0
BRDA:150,11,0,0
BRDA:150,11,1,0
BRDA:155,12,0,0
BRDA:155,12,1,0
BRF:26
BRH:0
end_of_record
TN:
SF:src/components/SettingsPage.tsx
FN:115,(anonymous_0)
FN:174,(anonymous_1)
FN:191,(anonymous_2)
FN:213,(anonymous_3)
FN:217,(anonymous_4)
FN:231,(anonymous_5)
FN:238,(anonymous_6)
FN:247,(anonymous_7)
FN:266,(anonymous_8)
FN:275,(anonymous_9)
FN:286,(anonymous_10)
FN:343,(anonymous_11)
FN:346,(anonymous_12)
FN:379,(anonymous_13)
FN:391,(anonymous_14)
FN:403,(anonymous_15)
FN:415,(anonymous_16)
FN:427,(anonymous_17)
FN:439,(anonymous_18)
FN:451,(anonymous_19)
FN:463,(anonymous_20)
FN:486,(anonymous_21)
FN:502,(anonymous_22)
FN:514,(anonymous_23)
FN:526,(anonymous_24)
FN:538,(anonymous_25)
FN:550,(anonymous_26)
FN:562,(anonymous_27)
FN:585,(anonymous_28)
FN:598,(anonymous_29)
FN:605,(anonymous_30)
FN:617,(anonymous_31)
FN:633,(anonymous_32)
FN:645,(anonymous_33)
FN:654,(anonymous_34)
FN:667,(anonymous_35)
FN:683,(anonymous_36)
FN:695,(anonymous_37)
FN:721,(anonymous_38)
FN:733,(anonymous_39)
FN:742,(anonymous_40)
FN:758,(anonymous_41)
FN:770,(anonymous_42)
FN:782,(anonymous_43)
FN:806,(anonymous_44)
FN:818,(anonymous_45)
FN:851,(anonymous_46)
FN:864,(anonymous_47)
FN:882,(anonymous_48)
FN:900,(anonymous_49)
FN:923,(anonymous_50)
FN:934,(anonymous_51)
FN:952,(anonymous_52)
FNF:53
FNH:0
FNDA:0,(anonymous_0)
FNDA:0,(anonymous_1)
FNDA:0,(anonymous_2)
FNDA:0,(anonymous_3)
FNDA:0,(anonymous_4)
FNDA:0,(anonymous_5)
FNDA:0,(anonymous_6)
FNDA:0,(anonymous_7)
FNDA:0,(anonymous_8)
FNDA:0,(anonymous_9)
FNDA:0,(anonymous_10)
FNDA:0,(anonymous_11)
FNDA:0,(anonymous_12)
FNDA:0,(anonymous_13)
FNDA:0,(anonymous_14)
FNDA:0,(anonymous_15)
FNDA:0,(anonymous_16)
FNDA:0,(anonymous_17)
FNDA:0,(anonymous_18)
FNDA:0,(anonymous_19)
FNDA:0,(anonymous_20)
FNDA:0,(anonymous_21)
FNDA:0,(anonymous_22)
FNDA:0,(anonymous_23)
FNDA:0,(anonymous_24)
FNDA:0,(anonymous_25)
FNDA:0,(anonymous_26)
FNDA:0,(anonymous_27)
FNDA:0,(anonymous_28)
FNDA:0,(anonymous_29)
FNDA:0,(anonymous_30)
FNDA:0,(anonymous_31)
FNDA:0,(anonymous_32)
FNDA:0,(anonymous_33)
FNDA:0,(anonymous_34)
FNDA:0,(anonymous_35)
FNDA:0,(anonymous_36)
FNDA:0,(anonymous_37)
FNDA:0,(anonymous_38)
FNDA:0,(anonymous_39)
FNDA:0,(anonymous_40)
FNDA:0,(anonymous_41)
FNDA:0,(anonymous_42)
FNDA:0,(anonymous_43)
FNDA:0,(anonymous_44)
FNDA:0,(anonymous_45)
FNDA:0,(anonymous_46)
FNDA:0,(anonymous_47)
FNDA:0,(anonymous_48)
FNDA:0,(anonymous_49)
FNDA:0,(anonymous_50)
FNDA:0,(anonymous_51)
FNDA:0,(anonymous_52)
DA:115,0
DA:116,0
DA:117,0
DA:118,0
DA:119,0
DA:120,0
DA:121,0
DA:122,0
DA:125,0
DA:136,0
DA:146,0
DA:158,0
DA:168,0
DA:174,0
DA:176,0
DA:184,0
DA:191,0
DA:193,0
DA:199,0
DA:203,0
DA:204,0
DA:205,0
DA:206,0
DA:207,0
DA:209,0
DA:210,0
DA:213,0
DA:214,0
DA:215,0
DA:216,0
DA:217,0
DA:218,0
DA:219,0
DA:221,0
DA:222,0
DA:224,0
DA:227,0
DA:231,0
DA:233,0
DA:234,0
DA:238,0
DA:239,0
DA:240,0
DA:241,0
DA:242,0
DA:243,0
DA:247,0
DA:248,0
DA:249,0
DA:250,0
DA:251,0
DA:252,0
DA:256,0
DA:266,0
DA:275,0
DA:286,0
DA:344,0
DA:346,0
DA:379,0
DA:391,0
DA:403,0
DA:415,0
DA:427,0
DA:439,0
DA:451,0
DA:463,0
DA:486,0
DA:502,0
DA:514,0
DA:526,0
DA:538,0
DA:550,0
DA:562,0
DA:585,0
DA:599,0
DA:600,0
DA:601,0
DA:606,0
DA:617,0
DA:633,0
DA:645,0
DA:654,0
DA:667,0
DA:683,0
DA:695,0
DA:721,0
DA:733,0
DA:742,0
DA:758,0
DA:770,0
DA:782,0
DA:806,0
DA:818,0
DA:851,0
DA:864,0
DA:882,0
DA:900,0
DA:923,0
DA:934,0
DA:952,0
LF:100
LH:0
BRDA:215,0,0,0
BRDA:215,0,1,0
BRDA:239,1,0,0
BRDA:239,1,1,0
BRDA:239,1,2,0
BRDA:239,1,3,0
BRDA:248,2,0,0
BRDA:248,2,1,0
BRDA:248,2,2,0
BRDA:248,2,3,0
BRDA:348,3,0,0
BRDA:348,3,1,0
BRDA:362,4,0,0
BRDA:362,4,1,0
BRDA:472,5,0,0
BRDA:472,5,1,0
BRDA:571,6,0,0
BRDA:571,6,1,0
BRDA:704,7,0,0
BRDA:704,7,1,0
BRDA:791,8,0,0
BRDA:791,8,1,0
BRF:22
BRH:0
end_of_record
TN:
SF:src/components/SettingsPanel.tsx
FN:59,(anonymous_0)
FN:93,(anonymous_1)
FN:98,(anonymous_2)
FN:107,(anonymous_3)
FN:113,(anonymous_4)
FN:197,(anonymous_5)
FN:202,(anonymous_6)
FN:243,(anonymous_7)
FN:265,(anonymous_8)
FN:285,(anonymous_9)
FN:307,(anonymous_10)
FN:344,(anonymous_11)
FN:366,(anonymous_12)
FN:386,(anonymous_13)
FN:408,(anonymous_14)
FN:436,(anonymous_15)
FN:441,(anonymous_16)
FN:479,(anonymous_17)
FN:501,(anonymous_18)
FN:525,(anonymous_19)
FN:558,(anonymous_20)
FN:582,(anonymous_21)
FN:606,(anonymous_22)
FN:641,(anonymous_23)
FN:663,(anonymous_24)
FN:681,(anonymous_25)
FNF:26
FNH:0
FNDA:0,(anonymous_0)
FNDA:0,(anonymous_1)
FNDA:0,(anonymous_2)
FNDA:0,(anonymous_3)
FNDA:0,(anonymous_4)
FNDA:0,(anonymous_5)
FNDA:0,(anonymous_6)
FNDA:0,(anonymous_7)
FNDA:0,(anonymous_8)
FNDA:0,(anonymous_9)
FNDA:0,(anonymous_10)
FNDA:0,(anonymous_11)
FNDA:0,(anonymous_12)
FNDA:0,(anonymous_13)
FNDA:0,(anonymous_14)
FNDA:0,(anonymous_15)
FNDA:0,(anonymous_16)
FNDA:0,(anonymous_17)
FNDA:0,(anonymous_18)
FNDA:0,(anonymous_19)
FNDA:0,(anonymous_20)
FNDA:0,(anonymous_21)
FNDA:0,(anonymous_22)
FNDA:0,(anonymous_23)
FNDA:0,(anonymous_24)
FNDA:0,(anonymous_25)
DA:59,0
DA:60,0
DA:91,0
DA:93,0
DA:98,0
DA:107,0
DA:109,0
DA:113,0
DA:115,0
DA:145,0
DA:148,0
DA:156,0
DA:198,0
DA:199,0
DA:202,0
DA:244,0
DA:266,0
DA:286,0
DA:308,0
DA:345,0
DA:367,0
DA:387,0
DA:409,0
DA:437,0
DA:438,0
DA:442,0
DA:480,0
DA:502,0
DA:526,0
DA:559,0
DA:583,0
DA:607,0
DA:642,0
DA:664,0
DA:682,0
DA:683,0
LF:36
LH:0
BRDA:206,0,0,0
BRDA:206,0,1,0
BRDA:223,1,0,0
BRDA:223,1,1,0
BRDA:324,2,0,0
BRDA:324,2,1,0
BRDA:421,3,0,0
BRDA:421,3,1,0
BRDA:451,4,0,0
BRDA:451,4,1,0
BRDA:538,5,0,0
BRDA:538,5,1,0
BRDA:621,6,0,0
BRDA:621,6,1,0
BRF:14
BRH:0
end_of_record
TN:
SF:src/components/SyncServiceDemo.tsx
FN:33,(anonymous_0)
FN:62,(anonymous_1)
FN:67,(anonymous_2)
FN:68,(anonymous_3)
FN:72,(anonymous_4)
FN:75,(anonymous_5)
FN:97,(anonymous_6)
FN:114,(anonymous_7)
FN:138,(anonymous_8)
FN:162,(anonymous_9)
FN:169,(anonymous_10)
FN:179,(anonymous_11)
FN:267,(anonymous_12)
FN:270,(anonymous_13)
FN:318,(anonymous_14)
FN:337,(anonymous_15)
FNF:16
FNH:0
FNDA:0,(anonymous_0)
FNDA:0,(anonymous_1)
FNDA:0,(anonymous_2)
FNDA:0,(anonymous_3)
FNDA:0,(anonymous_4)
FNDA:0,(anonymous_5)
FNDA:0,(anonymous_6)
FNDA:0,(anonymous_7)
FNDA:0,(anonymous_8)
FNDA:0,(anonymous_9)
FNDA:0,(anonymous_10)
FNDA:0,(anonymous_11)
FNDA:0,(anonymous_12)
FNDA:0,(anonymous_13)
FNDA:0,(anonymous_14)
FNDA:0,(anonymous_15)
DA:33,0
DA:34,0
DA:35,0
DA:36,0
DA:37,0
DA:38,0
DA:39,0
DA:40,0
DA:41,0
DA:44,0
DA:62,0
DA:63,0
DA:67,0
DA:68,0
DA:69,0
DA:72,0
DA:75,0
DA:76,0
DA:78,0
DA:79,0
DA:82,0
DA:83,0
DA:86,0
DA:87,0
DA:90,0
DA:92,0
DA:93,0
DA:97,0
DA:98,0
DA:99,0
DA:101,0
DA:102,0
DA:103,0
DA:105,0
DA:106,0
DA:108,0
DA:110,0
DA:114,0
DA:115,0
DA:116,0
DA:117,0
DA:120,0
DA:121,0
DA:123,0
DA:124,0
DA:129,0
DA:130,0
DA:132,0
DA:134,0
DA:138,0
DA:139,0
DA:140,0
DA:141,0
DA:144,0
DA:145,0
DA:147,0
DA:148,0
DA:153,0
DA:154,0
DA:156,0
DA:158,0
DA:162,0
DA:163,0
DA:164,0
DA:165,0
DA:166,0
DA:169,0
DA:170,0
DA:171,0
DA:172,0
DA:173,0
DA:174,0
DA:175,0
DA:179,0
DA:180,0
DA:181,0
DA:184,0
DA:267,0
DA:271,0
DA:319,0
DA:338,0
LF:81
LH:0
BRDA:115,0,0,0
BRDA:115,0,1,0
BRDA:132,1,0,0
BRDA:132,1,1,0
BRDA:139,2,0,0
BRDA:139,2,1,0
BRDA:156,3,0,0
BRDA:156,3,1,0
BRDA:170,4,0,0
BRDA:170,4,1,0
BRDA:170,4,2,0
BRDA:170,4,3,0
BRDA:170,4,4,0
BRDA:180,5,0,0
BRDA:180,5,1,0
BRDA:181,6,0,0
BRDA:181,6,1,0
BRDA:200,7,0,0
BRDA:200,7,1,0
BRDA:201,8,0,0
BRDA:201,8,1,0
BRDA:208,9,0,0
BRDA:208,9,1,0
BRDA:214,10,0,0
BRDA:214,10,1,0
BRDA:221,11,0,0
BRDA:221,11,1,0
BRDA:223,12,0,0
BRDA:223,12,1,0
BRDA:226,13,0,0
BRDA:226,13,1,0
BRDA:227,14,0,0
BRDA:227,14,1,0
BRDA:232,15,0,0
BRDA:232,15,1,0
BRDA:235,16,0,0
BRDA:235,16,1,0
BRDA:245,17,0,0
BRDA:245,17,1,0
[...]
BRDA:248,9,0,0
BRDA:248,9,1,0
BRDA:262,10,0,0
BRDA:262,10,1,0
BRDA:283,11,0,0
BRDA:283,11,1,0
BRDA:287,12,0,0
BRDA:287,12,1,0
BRDA:287,13,0,0
BRDA:287,13,1,0
BRDA:310,14,0,0
BRDA:310,14,1,0
BRDA:331,15,0,0
BRDA:331,15,1,0
BRDA:333,16,0,0
BRDA:333,16,1,0
BRDA:333,17,0,0
BRDA:333,17,1,0
BRDA:336,18,0,0
BRDA:336,18,1,0
BRDA:336,19,0,0
BRDA:336,19,1,0
BRDA:339,20,0,0
BRDA:339,20,1,0
BRDA:339,21,0,0
BRDA:339,21,1,0
BRDA:367,22,0,0
BRDA:367,22,1,0
BRF:45
BRH:0
end_of_record
TN:
SF:src/services/v14SupabaseSync.ts
FN:40,(anonymous_0)
FN:61,(anonymous_1)
FN:111,(anonymous_2)
FN:132,(anonymous_3)
FN:141,(anonymous_4)
FN:163,(anonymous_5)
FN:190,(anonymous_6)
FN:195,(anonymous_7)
FN:219,(anonymous_8)
FN:250,(anonymous_9)
FN:263,(anonymous_10)
FN:270,(anonymous_11)
FN:292,(anonymous_12)
FN:308,syncWithSupabase
FN:312,syncTableWithSupabase
FN:316,pushToSupabase
FN:320,getSupabaseSyncStatus
FN:324,testSupabaseConnection
FNF:18
FNH:0
FNDA:0,(anonymous_0)
FNDA:0,(anonymous_1)
FNDA:0,(anonymous_2)
FNDA:0,(anonymous_3)
FNDA:0,(anonymous_4)
FNDA:0,(anonymous_5)
FNDA:0,(anonymous_6)
FNDA:0,(anonymous_7)
FNDA:0,(anonymous_8)
FNDA:0,(anonymous_9)
FNDA:0,(anonymous_10)
FNDA:0,(anonymous_11)
FNDA:0,(anonymous_12)
FNDA:0,syncWithSupabase
FNDA:0,syncTableWithSupabase
FNDA:0,pushToSupabase
FNDA:0,getSupabaseSyncStatus
FNDA:0,testSupabaseConnection
DA:16,0
DA:41,0
DA:48,0
DA:62,0
DA:63,0
DA:64,0
DA:67,0
DA:68,0
DA:69,0
DA:71,0
DA:72,0
DA:75,0
DA:76,0
DA:77,0
DA:80,0
DA:81,0
DA:82,0
DA:83,0
DA:84,0
DA:85,0
DA:86,0
DA:87,0
DA:88,0
DA:91,0
DA:92,0
DA:93,0
DA:95,0
DA:98,0
DA:99,0
DA:101,0
DA:102,0
DA:104,0
DA:112,0
DA:113,0
DA:116,0
DA:120,0
DA:121,0
DA:124,0
DA:125,0
DA:126,0
DA:129,0
DA:132,0
DA:133,0
DA:135,0
DA:136,0
DA:138,0
DA:141,0
DA:142,0
DA:145,0
DA:147,0
DA:152,0
DA:155,0
DA:156,0
DA:164,0
DA:167,0
DA:168,0
DA:169,0
DA:170,0
DA:172,0
DA:173,0
DA:175,0
DA:176,0
DA:178,0
DA:180,0
DA:184,0
DA:191,0
DA:192,0
DA:195,0
DA:196,0
DA:200,0
DA:204,0
DA:205,0
DA:208,0
DA:211,0
DA:212,0
DA:220,0
DA:223,0
DA:224,0
DA:225,0
DA:226,0
DA:228,0
DA:229,0
DA:231,0
DA:232,0
DA:234,0
DA:236,0
DA:238,0
DA:240,0
DA:244,0
DA:251,0
DA:252,0
DA:253,0
DA:255,0
DA:256,0
DA:264,0
DA:271,0
DA:272,0
DA:277,0
DA:278,0
DA:281,0
DA:282,0
DA:284,0
DA:285,0
DA:293,0
DA:305,0
DA:309,0
DA:313,0
DA:317,0
DA:321,0
DA:325,0
LF:110
LH:0
BRDA:17,0,0,0
BRDA:17,0,1,0
BRDA:18,1,0,0
BRDA:18,1,1,0
BRDA:40,2,0,0
BRDA:62,3,0,0
BRDA:62,3,1,0
BRDA:99,4,0,0
BRDA:99,4,1,0
BRDA:120,5,0,0
BRDA:120,5,1,0
BRDA:124,6,0,0
BRDA:124,6,1,0
BRDA:124,7,0,0
BRDA:124,7,1,0
BRDA:168,8,0,0
BRDA:168,8,1,0
BRDA:170,9,0,0
BRDA:170,9,1,0
BRDA:170,10,0,0
BRDA:170,10,1,0
BRDA:173,11,0,0
BRDA:173,11,1,0
BRDA:173,12,0,0
BRDA:173,12,1,0
BRDA:176,13,0,0
BRDA:176,13,1,0
BRDA:176,14,0,0
BRDA:176,14,1,0
BRDA:204,15,0,0
BRDA:204,15,1,0
BRDA:224,16,0,0
BRDA:224,16,1,0
BRDA:226,17,0,0
BRDA:226,17,1,0
BRDA:226,18,0,0
BRDA:226,18,1,0
BRDA:229,19,0,0
BRDA:229,19,1,0
BRDA:229,20,0,0
BRDA:229,20,1,0
BRDA:236,21,0,0
BRDA:236,21,1,0
BRDA:236,22,0,0
BRDA:236,22,1,0
BRDA:277,23,0,0
BRDA:277,23,1,0
BRF:47
BRH:0
end_of_record
TN:
SF:src/services/vpnPipelineIntegration.ts
FN:41,(anonymous_0)
FN:64,(anonymous_1)
FN:107,(anonymous_2)
FN:114,(anonymous_3)
FN:121,(anonymous_4)
FN:128,(anonymous_5)
FN:135,(anonymous_6)
FN:142,(anonymous_7)
FN:149,(anonymous_8)
FN:166,(anonymous_9)
FN:191,createVPNPipelineIntegration
FN:215,getGlobalVPNPipelineIntegration
FN:222,setGlobalVPNPipelineIntegration
FN:229,initializeGlobalVPNPipelineIntegration
FNF:14
FNH:0
FNDA:0,(anonymous_0)
FNDA:0,(anonymous_1)
FNDA:0,(anonymous_2)
FNDA:0,(anonymous_3)
FNDA:0,(anonymous_4)
FNDA:0,(anonymous_5)
FNDA:0,(anonymous_6)
FNDA:0,(anonymous_7)
FNDA:0,(anonymous_8)
FNDA:0,(anonymous_9)
FNDA:0,createVPNPipelineIntegration
FNDA:0,getGlobalVPNPipelineIntegration
FNDA:0,setGlobalVPNPipelineIntegration
FNDA:0,initializeGlobalVPNPipelineIntegration
DA:39,0
DA:42,0
DA:45,0
DA:46,0
DA:47,0
DA:48,0
DA:54,0
DA:65,0
DA:66,0
DA:67,0
DA:70,0
DA:71,0
DA:72,0
DA:75,0
DA:76,0
DA:79,0
DA:82,0
DA:85,0
DA:86,0
DA:90,0
DA:91,0
DA:94,0
DA:95,0
DA:97,0
DA:98,0
DA:99,0
DA:108,0
DA:115,0
DA:122,0
DA:129,0
DA:136,0
DA:143,0
DA:155,0
DA:167,0
DA:168,0
DA:171,0
DA:172,0
DA:176,0
DA:177,0
DA:180,0
DA:181,0
DA:183,0
DA:194,0
DA:204,0
DA:210,0
DA:216,0
DA:223,0
DA:232,0
DA:233,0
DA:236,0
DA:237,0
DA:238,0
DA:240,0
LF:53
LH:0
BRDA:65,0,0,0
BRDA:65,0,1,0
BRDA:70,1,0,0
BRDA:70,1,1,0
BRDA:85,2,0,0
BRDA:85,2,1,0
BRDA:90,3,0,0
BRDA:90,3,1,0
BRDA:98,4,0,0
BRDA:98,4,1,0
BRDA:171,5,0,0
BRDA:171,5,1,0
BRDA:176,6,0,0
BRDA:176,6,1,0
BRDA:192,7,0,0
BRDA:232,8,0,0
BRDA:232,8,1,0
BRF:17
BRH:0
end_of_record
TN:
SF:src/services/vpnPipelineManager.ts
FN:40,(anonymous_0)
FN:55,(anonymous_1)
FN:85,(anonymous_2)
FN:109,(anonymous_3)
FN:150,(anonymous_4)
FN:208,(anonymous_5)
FN:266,(anonymous_6)
FN:290,(anonymous_7)
FN:318,(anonymous_8)
FN:323,(anonymous_9)
FN:341,(anonymous_10)
FN:349,(anonymous_11)
FN:360,(anonymous_12)
FN:371,(anonymous_13)
FN:378,(anonymous_14)
FN:397,(anonymous_15)
FN:410,createVPNPipelineManager
FNF:17
FNH:0
FNDA:0,(anonymous_0)
FNDA:0,(anonymous_1)
FNDA:0,(anonymous_2)
FNDA:0,(anonymous_3)
FNDA:0,(anonymous_4)
FNDA:0,(anonymous_5)
FNDA:0,(anonymous_6)
FNDA:0,(anonymous_7)
FNDA:0,(anonymous_8)
FNDA:0,(anonymous_9)
FNDA:0,(anonymous_10)
FNDA:0,(anonymous_11)
FNDA:0,(anonymous_12)
FNDA:0,(anonymous_13)
FNDA:0,(anonymous_14)
FNDA:0,(anonymous_15)
FNDA:0,createVPNPipelineManager
DA:38,0
DA:41,0
DA:42,0
DA:43,0
DA:56,0
DA:57,0
DA:58,0
DA:61,0
DA:62,0
DA:65,0
DA:68,0
DA:71,0
DA:73,0
DA:75,0
DA:76,0
DA:77,0
DA:86,0
DA:88,0
DA:89,0
DA:91,0
DA:92,0
DA:95,0
DA:96,0
DA:99,0
DA:101,0
DA:102,0
DA:110,0
DA:112,0
DA:113,0
DA:114,0
DA:115,0
DA:120,0
DA:121,0
DA:122,0
DA:123,0
DA:128,0
DA:136,0
DA:137,0
DA:151,0
DA:153,0
DA:155,0
DA:156,0
DA:166,0
DA:173,0
DA:174,0
DA:175,0
DA:186,0
DA:194,0
DA:195,0
DA:209,0
DA:211,0
DA:213,0
DA:214,0
DA:224,0
DA:231,0
DA:232,0
DA:233,0
DA:244,0
DA:252,0
DA:253,0
DA:267,0
DA:268,0
DA:275,0
DA:276,0
DA:277,0
DA:280,0
DA:282,0
DA:283,0
DA:291,0
DA:293,0
DA:294,0
DA:298,0
DA:304,0
DA:305,0
DA:308,0
DA:310,0
DA:311,0
DA:319,0
DA:320,0
DA:323,0
DA:324,0
DA:325,0
DA:326,0
DA:329,0
DA:330,0
DA:333,0
DA:343,0
DA:350,0
DA:351,0
DA:354,0
DA:361,0
DA:362,0
DA:365,0
DA:372,0
DA:379,0
DA:380,0
DA:383,0
DA:384,0
DA:387,0
DA:388,0
DA:391,0
DA:398,0
DA:399,0
DA:400,0
DA:403,0
DA:414,0
DA:424,0
LF:107
LH:0
BRDA:56,0,0,0
BRDA:56,0,1,0
BRDA:76,1,0,0
BRDA:76,1,1,0
BRDA:91,2,0,0
BRDA:91,2,1,0
BRDA:91,3,0,0
BRDA:91,3,1,0
BRDA:95,4,0,0
BRDA:95,4,1,0
BRDA:95,5,0,0
BRDA:95,5,1,0
BRDA:112,6,0,0
BRDA:112,6,1,0
BRDA:114,7,0,0
BRDA:114,7,1,0
BRDA:120,8,0,0
BRDA:120,8,1,0
BRDA:122,9,0,0
BRDA:122,9,1,0
BRDA:155,10,0,0
BRDA:155,10,1,0
BRDA:173,11,0,0
BRDA:173,11,1,0
BRDA:176,12,0,0
BRDA:176,12,1,0
BRDA:177,13,0,0
BRDA:177,13,1,0
BRDA:179,14,0,0
BRDA:179,14,1,0
BRDA:213,15,0,0
BRDA:213,15,1,0
BRDA:231,16,0,0
BRDA:231,16,1,0
BRDA:234,17,0,0
BRDA:234,17,1,0
BRDA:235,18,0,0
BRDA:235,18,1,0
BRDA:237,19,0,0
BRDA:237,19,1,0
BRDA:275,20,0,0
BRDA:275,20,1,0
BRDA:277,21,0,0
BRDA:277,21,1,0
BRDA:293,22,0,0
BRDA:293,22,1,0
BRDA:293,23,0,0
BRDA:293,23,1,0
BRDA:304,24,0,0
BRDA:304,24,1,0
BRDA:304,25,0,0
BRDA:304,25,1,0
BRDA:319,26,0,0
BRDA:319,26,1,0
BRDA:329,27,0,0
BRDA:329,27,1,0
BRDA:330,28,0,0
BRDA:330,28,1,0
BRDA:350,29,0,0
BRDA:350,29,1,0
BRDA:361,30,0,0
BRDA:361,30,1,0
BRDA:379,31,0,0
BRDA:379,31,1,0
BRDA:383,32,0,0
BRDA:383,32,1,0
BRDA:383,33,0,0
BRDA:383,33,1,0
BRDA:387,34,0,0
BRDA:387,34,1,0
BRDA:387,35,0,0
BRDA:387,35,1,0
BRDA:398,36,0,0
BRDA:398,36,1,0
BRDA:411,37,0,0
BRDA:417,38,0,0
BRDA:417,38,1,0
BRDA:418,39,0,0
BRDA:418,39,1,0
BRF:79
BRH:0
end_of_record
TN:
SF:src/services/vpnProtectedPreSeedService.ts
FN:29,(anonymous_0)
FN:42,(anonymous_1)
FN:63,(anonymous_2)
FN:81,(anonymous_3)
FN:99,(anonymous_4)
FN:117,(anonymous_5)
FN:135,(anonymous_6)
FN:142,(anonymous_7)
FN:148,createVPNProtectedPreSeedService
FNF:9
FNH:0
FNDA:0,(anonymous_0)
FNDA:0,(anonymous_1)
FNDA:0,(anonymous_2)
FNDA:0,(anonymous_3)
FNDA:0,(anonymous_4)
FNDA:0,(anonymous_5)
FNDA:0,(anonymous_6)
FNDA:0,(anonymous_7)
FNDA:0,createVPNProtectedPreSeedService
DA:27,0
DA:35,0
DA:36,0
DA:43,0
DA:44,0
DA:47,0
DA:50,0
DA:52,0
DA:53,0
DA:55,0
DA:56,0
DA:64,0
DA:66,0
DA:69,0
DA:71,0
DA:73,0
DA:74,0
DA:82,0
DA:84,0
DA:87,0
DA:89,0
DA:91,0
DA:92,0
DA:100,0
DA:102,0
DA:105,0
DA:107,0
DA:109,0
DA:110,0
DA:118,0
DA:120,0
DA:123,0
DA:125,0
DA:127,0
DA:128,0
DA:136,0
DA:143,0
DA:154,0
LF:38
LH:0
BRDA:30,0,0,0
BRDA:149,1,0,0
BRF:2
BRH:0
end_of_record
TN:
SF:src/services/vpnProtectedSyncManager.ts
FN:42,(anonymous_0)
FN:57,(anonymous_1)
FN:82,(anonymous_2)
FN:98,(anonymous_3)
FN:100,(anonymous_4)
FN:110,(anonymous_5)
FN:140,(anonymous_6)
FN:173,(anonymous_7)
FN:182,(anonymous_8)
FN:196,(anonymous_9)
FN:208,(anonymous_10)
FN:216,(anonymous_11)
FN:226,(anonymous_12)
FN:237,(anonymous_13)
FN:246,createVPNProtectedSyncManager
FNF:15
FNH:0
FNDA:0,(anonymous_0)
FNDA:0,(anonymous_1)
FNDA:0,(anonymous_2)
FNDA:0,(anonymous_3)
FNDA:0,(anonymous_4)
FNDA:0,(anonymous_5)
FNDA:0,(anonymous_6)
FNDA:0,(anonymous_7)
FNDA:0,(anonymous_8)
FNDA:0,(anonymous_9)
FNDA:0,(anonymous_10)
FNDA:0,(anonymous_11)
FNDA:0,(anonymous_12)
FNDA:0,(anonymous_13)
FNDA:0,createVPNProtectedSyncManager
DA:39,0
DA:40,0
DA:48,0
DA:49,0
DA:50,0
DA:51,0
DA:58,0
DA:59,0
DA:60,0
DA:63,0
DA:64,0
DA:67,0
DA:70,0
DA:72,0
DA:74,0
DA:75,0
DA:83,0
DA:85,0
DA:86,0
DA:88,0
DA:90,0
DA:91,0
DA:100,0
DA:101,0
DA:102,0
DA:111,0
DA:113,0
DA:115,0
DA:116,0
DA:117,0
DA:121,0
DA:123,0
DA:124,0
DA:127,0
DA:129,0
DA:131,0
DA:133,0
DA:141,0
DA:143,0
DA:148,0
DA:151,0
DA:154,0
DA:156,0
DA:162,0
DA:176,0
DA:183,0
DA:186,0
DA:188,0
DA:189,0
DA:197,0
DA:199,0
DA:201,0
DA:209,0
DA:210,0
DA:217,0
DA:227,0
DA:228,0
DA:231,0
DA:238,0
DA:239,0
DA:252,0
DA:263,0
LF:62
LH:0
BRDA:58,0,0,0
BRDA:58,0,1,0
BRDA:101,1,0,0
BRDA:101,1,1,0
BRDA:101,2,0,0
BRDA:101,2,1,0
BRDA:116,3,0,0
BRDA:116,3,1,0
BRDA:116,4,0,0
BRDA:116,4,1,0
BRDA:116,4,2,0
BRDA:143,5,0,0
BRDA:143,5,1,0
BRDA:165,6,0,0
BRDA:165,6,1,0
BRDA:227,7,0,0
BRDA:227,7,1,0
BRDA:247,8,0,0
BRDA:255,9,0,0
BRDA:255,9,1,0
BRDA:256,10,0,0
BRDA:256,10,1,0
BRDA:257,11,0,0
BRDA:257,11,1,0
BRDA:258,12,0,0
BRDA:258,12,1,0
BRF:26
BRH:0
end_of_record
TN:
SF:src/store/useAppStore.ts
FN:81,(anonymous_0)
FN:84,(anonymous_1)
FN:86,(anonymous_2)
FN:92,(anonymous_3)
FN:93,(anonymous_4)
FN:98,(anonymous_5)
FN:106,(anonymous_6)
FN:147,(anonymous_7)
FN:167,(anonymous_8)
FN:171,(anonymous_9)
FN:173,(anonymous_10)
FN:177,(anonymous_11)
FN:179,(anonymous_12)
FN:181,(anonymous_13)
FN:184,(anonymous_14)
FN:212,(anonymous_15)
FN:216,(anonymous_16)
FN:218,(anonymous_17)
FNF:18
FNH:0
FNDA:0,(anonymous_0)
FNDA:0,(anonymous_1)
FNDA:0,(anonymous_2)
FNDA:0,(anonymous_3)
FNDA:0,(anonymous_4)
FNDA:0,(anonymous_5)
FNDA:0,(anonymous_6)
FNDA:0,(anonymous_7)
FNDA:0,(anonymous_8)
FNDA:0,(anonymous_9)
FNDA:0,(anonymous_10)
FNDA:0,(anonymous_11)
FNDA:0,(anonymous_12)
FNDA:0,(anonymous_13)
FNDA:0,(anonymous_14)
FNDA:0,(anonymous_15)
FNDA:0,(anonymous_16)
FNDA:0,(anonymous_17)
DA:81,0
DA:85,0
DA:86,0
DA:87,0
DA:88,0
DA:89,0
DA:93,0
DA:99,0
DA:100,0
DA:102,0
DA:103,0
DA:104,0
DA:106,0
DA:137,0
DA:143,0
DA:147,0
DA:167,0
DA:171,0
DA:173,0
DA:177,0
DA:179,0
DA:181,0
DA:185,0
DA:187,0
DA:189,0
DA:190,0
DA:192,0
DA:193,0
DA:196,0
DA:197,0
DA:199,0
DA:202,0
DA:203,0
DA:205,0
DA:207,0
DA:214,0
DA:216,0
DA:219,0
DA:221,0
DA:223,0
DA:224,0
DA:226,0
DA:227,0
DA:229,0
DA:230,0
DA:232,0
DA:233,0
DA:235,0
DA:236,0
DA:238,0
DA:239,0
DA:241,0
DA:242,0
DA:244,0
LF:54
LH:0
BRDA:133,0,0,0
BRDA:133,0,1,0
BRDA:134,1,0,0
BRDA:134,1,1,0
BRDA:138,2,0,0
BRDA:138,2,1,0
BRDA:144,3,0,0
BRDA:144,3,1,0
BRDA:187,4,0,0
BRDA:187,4,1,0
BRDA:187,4,2,0
BRDA:187,4,3,0
BRDA:187,4,4,0
BRDA:196,5,0,0
BRDA:196,5,1,0
BRDA:202,6,0,0
BRDA:202,6,1,0
BRDA:221,7,0,0
BRDA:221,7,1,0
BRDA:221,7,2,0
BRDA:221,7,3,0
BRDA:221,7,4,0
BRDA:221,7,5,0
BRDA:221,7,6,0
BRDA:221,7,7,0
BRF:25
BRH:0
end_of_record
TN:
SF:src/styles/theme-config.ts
FN:139,(anonymous_0)
FN:143,(anonymous_1)
FN:147,(anonymous_2)
FN:151,(anonymous_3)
FN:156,(anonymous_4)
FN:161,(anonymous_5)
FN:166,(anonymous_6)
FN:170,(anonymous_7)
FN:177,(anonymous_8)
FN:187,(anonymous_9)
FN:191,(anonymous_10)
FNF:11
FNH:0
FNDA:0,(anonymous_0)
FNDA:0,(anonymous_1)
FNDA:0,(anonymous_2)
FNDA:0,(anonymous_3)
FNDA:0,(anonymous_4)
FNDA:0,(anonymous_5)
FNDA:0,(anonymous_6)
FNDA:0,(anonymous_7)
FNDA:0,(anonymous_8)
FNDA:0,(anonymous_9)
FNDA:0,(anonymous_10)
DA:8,0
DA:139,0
DA:140,0
DA:143,0
DA:144,0
DA:147,0
DA:148,0
DA:151,0
DA:152,0
DA:156,0
DA:157,0
DA:161,0
DA:162,0
DA:166,0
DA:167,0
DA:168,0
DA:170,0
DA:171,0
DA:177,0
DA:178,0
DA:181,0
DA:187,0
DA:188,0
DA:189,0
DA:191,0
DA:192,0
LF:26
LH:0
BRDA:167,0,0,0
BRDA:167,0,1,0
BRF:2
BRH:0
end_of_record
TN:
SF:src/test/mockTests.ts
FN:10,(anonymous_0)
FNF:1
FNH:0
FNDA:0,(anonymous_0)
DA:10,0
DA:11,0
DA:12,0
DA:14,0
DA:16,0
DA:18,0
DA:19,0
DA:20,0
DA:23,0
DA:24,0
DA:25,0
DA:26,0
DA:27,0
DA:29,0
DA:33,0
DA:34,0
DA:35,0
DA:36,0
DA:37,0
DA:38,0
DA:41,0
DA:42,0
DA:43,0
DA:44,0
DA:45,0
DA:47,0
DA:48,0
DA:49,0
DA:50,0
DA:51,0
DA:52,0
DA:53,0
DA:55,0
DA:57,0
DA:58,0
DA:59,0
DA:60,0
DA:63,0
DA:64,0
DA:65,0
DA:70,0
DA:72,0
DA:73,0
DA:76,0
DA:77,0
LF:45
LH:0
BRDA:18,0,0,0
BRDA:18,0,1,0
BRDA:25,1,0,0
BRDA:25,1,1,0
BRDA:34,2,0,0
BRDA:34,2,1,0
BRDA:35,3,0,0
BRDA:35,3,1,0
BRDA:70,4,0,0
BRDA:70,4,1,0
BRF:10
BRH:0
end_of_record
TN:
SF:src/test/onboardingFlowSimulation.ts
FN:113,(anonymous_0)
FN:138,(anonymous_1)
FN:178,(anonymous_2)
FN:181,(anonymous_3)
FN:182,(anonymous_4)
FN:189,(anonymous_5)
FN:199,(anonymous_6)
FN:203,(anonymous_7)
FN:205,(anonymous_8)
FN:215,(anonymous_9)
FN:216,(anonymous_10)
FN:235,(anonymous_11)
FNF:12
FNH:0
FNDA:0,(anonymous_0)
FNDA:0,(anonymous_1)
FNDA:0,(anonymous_2)
FNDA:0,(anonymous_3)
FNDA:0,(anonymous_4)
FNDA:0,(anonymous_5)
FNDA:0,(anonymous_6)
FNDA:0,(anonymous_7)
FNDA:0,(anonymous_8)
FNDA:0,(anonymous_9)
FNDA:0,(anonymous_10)
FNDA:0,(anonymous_11)
DA:25,0
DA:113,0
DA:114,0
DA:115,0
DA:117,0
DA:130,0
DA:131,0
DA:132,0
DA:134,0
DA:135,0
DA:138,0
DA:141,0
DA:144,0
DA:145,0
DA:146,0
DA:147,0
DA:154,0
DA:155,0
DA:156,0
DA:157,0
DA:164,0
DA:165,0
DA:166,0
DA:167,0
DA:170,0
DA:171,0
DA:174,0
DA:175,0
DA:176,0
DA:177,0
DA:178,0
DA:179,0
DA:180,0
DA:181,0
DA:182,0
DA:183,0
DA:185,0
DA:189,0
DA:190,0
DA:191,0
DA:194,0
DA:199,0
DA:203,0
DA:205,0
DA:215,0
DA:216,0
DA:220,0
DA:221,0
DA:222,0
DA:223,0
DA:224,0
DA:225,0
DA:226,0
DA:228,0
DA:229,0
DA:231,0
DA:235,0
DA:236,0
DA:237,0
DA:239,0
DA:241,0
DA:244,0
DA:246,0
DA:247,0
DA:248,0
DA:249,0
DA:250,0
DA:251,0
DA:252,0
DA:253,0
DA:255,0
DA:263,0
DA:264,0
DA:265,0
LF:74
LH:0
BRDA:144,0,0,0
BRDA:144,0,1,0
BRDA:154,1,0,0
BRDA:154,1,1,0
BRDA:164,2,0,0
BRDA:164,2,1,0
BRDA:180,3,0,0
BRDA:180,3,1,0
BRDA:181,4,0,0
BRDA:181,4,1,0
BRDA:182,5,0,0
BRDA:182,5,1,0
BRDA:183,6,0,0
BRDA:183,6,1,0
BRDA:199,7,0,0
BRDA:199,7,1,0
BRDA:203,8,0,0
BRDA:203,8,1,0
BRDA:205,9,0,0
BRDA:205,9,1,0
BRDA:222,10,0,0
BRDA:222,10,1,0
BRDA:224,11,0,0
BRDA:224,11,1,0
BRDA:267,12,0,0
BRDA:267,12,1,0
BRF:26
BRH:0
end_of_record
TN:
SF:src/utils/dexieClient.js
FN:5,(anonymous_0)
FN:11,(anonymous_1)
FN:35,(anonymous_2)
FN:85,(anonymous_3)
FN:86,(anonymous_4)
FN:90,(anonymous_5)
FN:93,(anonymous_6)
FN:94,(anonymous_7)
FN:95,(anonymous_8)
FN:100,(anonymous_9)
FN:106,(anonymous_10)
FN:111,(anonymous_11)
FN:123,(anonymous_12)
FN:124,(anonymous_13)
FN:125,(anonymous_14)
FN:126,(anonymous_15)
FN:127,(anonymous_16)
FNF:17
FNH:0
FNDA:0,(anonymous_0)
FNDA:0,(anonymous_1)
FNDA:0,(anonymous_2)
FNDA:0,(anonymous_3)
FNDA:0,(anonymous_4)
FNDA:0,(anonymous_5)
FNDA:0,(anonymous_6)
FNDA:0,(anonymous_7)
FNDA:0,(anonymous_8)
FNDA:0,(anonymous_9)
FNDA:0,(anonymous_10)
FNDA:0,(anonymous_11)
FNDA:0,(anonymous_12)
FNDA:0,(anonymous_13)
FNDA:0,(anonymous_14)
FNDA:0,(anonymous_15)
FNDA:0,(anonymous_16)
DA:6,0
DA:7,0
DA:12,0
DA:23,0
DA:24,0
DA:27,0
DA:28,0
DA:31,0
DA:36,0
DA:37,0
DA:40,0
DA:41,0
DA:43,0
DA:44,0
DA:46,0
DA:47,0
DA:48,0
DA:49,0
DA:51,0
DA:54,0
DA:55,0
DA:57,0
DA:60,0
DA:63,0
DA:65,0
DA:67,0
DA:68,0
DA:69,0
DA:70,0
DA:73,0
DA:74,0
DA:75,0
DA:80,0
DA:81,0
DA:86,0
DA:91,0
DA:93,0
DA:94,0
DA:95,0
DA:101,0
DA:102,0
DA:107,0
DA:112,0
DA:114,0
DA:120,0
DA:123,0
DA:124,0
DA:125,0
DA:126,0
DA:127,0
DA:130,0
DA:131,0
LF:52
LH:0
BRDA:14,0,0,0
BRDA:14,0,1,0
BRDA:27,1,0,0
BRDA:27,1,1,0
BRDA:36,2,0,0
BRDA:36,2,1,0
BRDA:36,3,0,0
BRDA:36,3,1,0
BRDA:48,4,0,0
BRDA:48,4,1,0
BRDA:48,5,0,0
BRDA:48,5,1,0
BRDA:65,6,0,0
BRDA:65,6,1,0
BRDA:112,7,0,0
BRDA:112,7,1,0
BRDA:112,8,0,0
BRDA:112,8,1,0
BRDA:130,9,0,0
BRDA:130,9,1,0
BRF:20
BRH:0
end_of_record
TN:
SF:src/utils/encryption.ts
FN:14,encryptPayload
FN:29,decryptPayload
FN:43,shouldEncryptField
FN:54,(anonymous_3)
FN:58,getEncryptedFieldName
FN:63,prepareDataForStorage
FN:67,(anonymous_6)
FN:84,restoreDataFromStorage
FN:88,(anonymous_8)
FN:114,logEncryptionOperation
FNF:10
FNH:0
FNDA:0,encryptPayload
FNDA:0,decryptPayload
FNDA:0,shouldEncryptField
FNDA:0,(anonymous_3)
FNDA:0,getEncryptedFieldName
FNDA:0,prepareDataForStorage
FNDA:0,(anonymous_6)
FNDA:0,restoreDataFromStorage
FNDA:0,(anonymous_8)
FNDA:0,logEncryptionOperation
DA:15,0
DA:17,0
DA:20,0
DA:21,0
DA:23,0
DA:24,0
DA:30,0
DA:32,0
DA:34,0
DA:35,0
DA:37,0
DA:38,0
DA:44,0
DA:54,0
DA:59,0
DA:64,0
DA:67,0
DA:68,0
DA:69,0
DA:70,0
DA:73,0
DA:76,0
DA:80,0
DA:85,0
DA:88,0
DA:89,0
DA:90,0
DA:91,0
DA:94,0
DA:97,0
DA:101,0
DA:119,0
DA:120,0
DA:121,0
LF:34
LH:0
BRDA:15,0,0,0
BRDA:15,0,1,0
BRDA:23,1,0,0
BRDA:23,1,1,0
BRDA:30,2,0,0
BRDA:30,2,1,0
BRDA:37,3,0,0
BRDA:37,3,1,0
BRDA:68,4,0,0
BRDA:68,4,1,0
BRDA:68,5,0,0
BRDA:68,5,1,0
BRDA:89,6,0,0
BRDA:89,6,1,0
BRDA:119,7,0,0
BRDA:119,7,1,0
BRDA:120,8,0,0
BRDA:120,8,1,0
BRF:18
BRH:0
end_of_record
TN:
SF:src/utils/logger.ts
FN:25,(anonymous_0)
FN:27,(anonymous_1)
FN:31,(anonymous_2)
FN:39,(anonymous_3)
FN:78,(anonymous_4)
FN:82,(anonymous_5)
FN:86,(anonymous_6)
FN:90,(anonymous_7)
FN:95,(anonymous_8)
FN:97,(anonymous_9)
FN:98,(anonymous_10)
FN:99,(anonymous_11)
FN:100,(anonymous_12)
FN:104,(anonymous_13)
FN:106,(anonymous_14)
FN:107,(anonymous_15)
FN:108,(anonymous_16)
FN:109,(anonymous_17)
FN:119,(anonymous_18)
FN:120,(anonymous_19)
FN:121,(anonymous_20)
FN:122,(anonymous_21)
FNF:22
FNH:0
FNDA:0,(anonymous_0)
FNDA:0,(anonymous_1)
FNDA:0,(anonymous_2)
FNDA:0,(anonymous_3)
FNDA:0,(anonymous_4)
FNDA:0,(anonymous_5)
FNDA:0,(anonymous_6)
FNDA:0,(anonymous_7)
FNDA:0,(anonymous_8)
FNDA:0,(anonymous_9)
FNDA:0,(anonymous_10)
FNDA:0,(anonymous_11)
FNDA:0,(anonymous_12)
FNDA:0,(anonymous_13)
FNDA:0,(anonymous_14)
FNDA:0,(anonymous_15)
FNDA:0,(anonymous_16)
FNDA:0,(anonymous_17)
FNDA:0,(anonymous_18)
FNDA:0,(anonymous_19)
FNDA:0,(anonymous_20)
FNDA:0,(anonymous_21)
DA:22,0
DA:23,0
DA:26,0
DA:27,0
DA:28,0
DA:32,0
DA:34,0
DA:36,0
DA:40,0
DA:42,0
DA:46,0
DA:48,0
DA:49,0
DA:51,0
DA:53,0
DA:55,0
DA:56,0
DA:58,0
DA:60,0
DA:62,0
DA:63,0
DA:65,0
DA:67,0
DA:69,0
DA:70,0
DA:72,0
DA:74,0
DA:79,0
DA:83,0
DA:87,0
DA:91,0
DA:96,0
DA:97,0
DA:98,0
DA:99,0
DA:100,0
DA:105,0
DA:106,0
DA:107,0
DA:108,0
DA:109,0
DA:115,0
DA:118,0
DA:119,0
DA:120,0
DA:121,0
DA:122,0
LF:47
LH:0
BRDA:27,0,0,0
BRDA:27,0,1,0
BRDA:32,1,0,0
BRDA:32,1,1,0
BRDA:34,2,0,0
BRDA:34,2,1,0
BRDA:40,3,0,0
BRDA:40,3,1,0
BRDA:46,4,0,0
BRDA:46,4,1,0
BRDA:46,4,2,0
BRDA:46,4,3,0
BRDA:48,5,0,0
BRDA:48,5,1,0
BRDA:55,6,0,0
BRDA:55,6,1,0
BRDA:62,7,0,0
BRDA:62,7,1,0
BRDA:69,8,0,0
BRDA:69,8,1,0
BRF:20
BRH:0
end_of_record
TN:
SF:src/utils/mbtiCalculator.ts
FN:101,mapAnswersToScale
FN:102,(anonymous_1)
FN:108,calculateMBTIResult
FN:116,(anonymous_3)
FN:120,(anonymous_4)
FN:153,(anonymous_5)
FN:168,validateAnswers
FN:169,(anonymous_7)
FNF:8
FNH:0
FNDA:0,mapAnswersToScale
FNDA:0,(anonymous_1)
FNDA:0,calculateMBTIResult
FNDA:0,(anonymous_3)
FNDA:0,(anonymous_4)
FNDA:0,(anonymous_5)
FNDA:0,validateAnswers
FNDA:0,(anonymous_7)
DA:28,0
DA:35,0
DA:102,0
DA:110,0
DA:112,0
DA:113,0
DA:116,0
DA:117,0
DA:118,0
DA:120,0
DA:121,0
DA:122,0
DA:125,0
DA:126,0
DA:129,0
DA:133,0
DA:136,0
DA:137,0
DA:138,0
DA:141,0
DA:143,0
DA:151,0
DA:153,0
DA:158,0
DA:169,0
LF:25
LH:0
BRDA:125,0,0,0
BRDA:125,0,1,0
BRDA:137,1,0,0
BRDA:137,1,1,0
BRF:4
BRH:0
end_of_record
